{"C:\\Users\\ASUS\\Desktop\\MarketCOL\\MarketCOL\\MarketCOL\\backend\\controllers\\auth.controller.js": {"path":"C:\\Users\\ASUS\\Desktop\\MarketCOL\\MarketCOL\\MarketCOL\\backend\\controllers\\auth.controller.js","statementMap":{"0":{"start":{"line":12,"column":16},"end":{"line":12,"column":44}},"1":{"start":{"line":16,"column":26},"end":{"line":16,"column":50}},"2":{"start":{"line":27,"column":17},"end":{"line":128,"column":1}},"3":{"start":{"line":28,"column":2},"end":{"line":127,"column":3}},"4":{"start":{"line":31,"column":79},"end":{"line":31,"column":87}},"5":{"start":{"line":35,"column":4},"end":{"line":43,"column":5}},"6":{"start":{"line":39,"column":6},"end":{"line":42,"column":9}},"7":{"start":{"line":47,"column":23},"end":{"line":47,"column":51}},"8":{"start":{"line":49,"column":4},"end":{"line":54,"column":5}},"9":{"start":{"line":50,"column":6},"end":{"line":53,"column":9}},"10":{"start":{"line":58,"column":4},"end":{"line":63,"column":5}},"11":{"start":{"line":59,"column":6},"end":{"line":62,"column":9}},"12":{"start":{"line":68,"column":29},"end":{"line":68,"column":72}},"13":{"start":{"line":71,"column":4},"end":{"line":76,"column":5}},"14":{"start":{"line":72,"column":6},"end":{"line":75,"column":9}},"15":{"start":{"line":82,"column":25},"end":{"line":91,"column":6}},"16":{"start":{"line":95,"column":18},"end":{"line":99,"column":6}},"17":{"start":{"line":103,"column":29},"end":{"line":103,"column":50}},"18":{"start":{"line":104,"column":4},"end":{"line":104,"column":37}},"19":{"start":{"line":108,"column":4},"end":{"line":115,"column":7}},"20":{"start":{"line":120,"column":4},"end":{"line":120,"column":47}},"21":{"start":{"line":122,"column":4},"end":{"line":126,"column":7}},"22":{"start":{"line":139,"column":14},"end":{"line":223,"column":1}},"23":{"start":{"line":140,"column":2},"end":{"line":222,"column":3}},"24":{"start":{"line":142,"column":32},"end":{"line":142,"column":40}},"25":{"start":{"line":145,"column":4},"end":{"line":150,"column":5}},"26":{"start":{"line":146,"column":6},"end":{"line":149,"column":9}},"27":{"start":{"line":156,"column":20},"end":{"line":158,"column":6}},"28":{"start":{"line":161,"column":4},"end":{"line":169,"column":5}},"29":{"start":{"line":165,"column":6},"end":{"line":168,"column":9}},"30":{"start":{"line":173,"column":4},"end":{"line":178,"column":5}},"31":{"start":{"line":174,"column":6},"end":{"line":177,"column":9}},"32":{"start":{"line":184,"column":27},"end":{"line":184,"column":67}},"33":{"start":{"line":187,"column":4},"end":{"line":192,"column":5}},"34":{"start":{"line":188,"column":6},"end":{"line":191,"column":9}},"35":{"start":{"line":195,"column":18},"end":{"line":199,"column":6}},"36":{"start":{"line":202,"column":31},"end":{"line":202,"column":47}},"37":{"start":{"line":203,"column":4},"end":{"line":203,"column":39}},"38":{"start":{"line":206,"column":4},"end":{"line":213,"column":7}},"39":{"start":{"line":216,"column":4},"end":{"line":216,"column":44}},"40":{"start":{"line":217,"column":4},"end":{"line":221,"column":7}},"41":{"start":{"line":234,"column":14},"end":{"line":270,"column":1}},"42":{"start":{"line":235,"column":2},"end":{"line":269,"column":3}},"43":{"start":{"line":240,"column":20},"end":{"line":244,"column":6}},"44":{"start":{"line":247,"column":4},"end":{"line":252,"column":5}},"45":{"start":{"line":248,"column":6},"end":{"line":251,"column":9}},"46":{"start":{"line":255,"column":4},"end":{"line":260,"column":7}},"47":{"start":{"line":263,"column":4},"end":{"line":263,"column":44}},"48":{"start":{"line":264,"column":4},"end":{"line":268,"column":7}},"49":{"start":{"line":282,"column":17},"end":{"line":329,"column":1}},"50":{"start":{"line":283,"column":2},"end":{"line":328,"column":3}},"51":{"start":{"line":286,"column":54},"end":{"line":286,"column":62}},"52":{"start":{"line":289,"column":20},"end":{"line":289,"column":58}},"53":{"start":{"line":291,"column":4},"end":{"line":296,"column":5}},"54":{"start":{"line":292,"column":6},"end":{"line":295,"column":9}},"55":{"start":{"line":301,"column":4},"end":{"line":301,"column":54}},"56":{"start":{"line":301,"column":30},"end":{"line":301,"column":54}},"57":{"start":{"line":302,"column":4},"end":{"line":302,"column":60}},"58":{"start":{"line":302,"column":32},"end":{"line":302,"column":60}},"59":{"start":{"line":303,"column":4},"end":{"line":303,"column":60}},"60":{"start":{"line":303,"column":32},"end":{"line":303,"column":60}},"61":{"start":{"line":304,"column":4},"end":{"line":304,"column":63}},"62":{"start":{"line":304,"column":33},"end":{"line":304,"column":63}},"63":{"start":{"line":308,"column":4},"end":{"line":308,"column":25}},"64":{"start":{"line":313,"column":4},"end":{"line":319,"column":7}},"65":{"start":{"line":322,"column":4},"end":{"line":322,"column":47}},"66":{"start":{"line":323,"column":4},"end":{"line":327,"column":7}},"67":{"start":{"line":341,"column":23},"end":{"line":404,"column":1}},"68":{"start":{"line":342,"column":2},"end":{"line":403,"column":3}},"69":{"start":{"line":344,"column":46},"end":{"line":344,"column":54}},"70":{"start":{"line":347,"column":4},"end":{"line":352,"column":5}},"71":{"start":{"line":348,"column":6},"end":{"line":351,"column":9}},"72":{"start":{"line":355,"column":4},"end":{"line":360,"column":5}},"73":{"start":{"line":356,"column":6},"end":{"line":359,"column":9}},"74":{"start":{"line":364,"column":20},"end":{"line":364,"column":80}},"75":{"start":{"line":366,"column":4},"end":{"line":371,"column":5}},"76":{"start":{"line":367,"column":6},"end":{"line":370,"column":9}},"77":{"start":{"line":375,"column":27},"end":{"line":375,"column":73}},"78":{"start":{"line":377,"column":4},"end":{"line":382,"column":5}},"79":{"start":{"line":378,"column":6},"end":{"line":381,"column":9}},"80":{"start":{"line":387,"column":4},"end":{"line":387,"column":37}},"81":{"start":{"line":388,"column":4},"end":{"line":388,"column":25}},"82":{"start":{"line":391,"column":4},"end":{"line":394,"column":7}},"83":{"start":{"line":397,"column":4},"end":{"line":397,"column":53}},"84":{"start":{"line":398,"column":4},"end":{"line":402,"column":7}},"85":{"start":{"line":409,"column":0},"end":{"line":415,"column":2}}},"fnMap":{"0":{"name":"(anonymous_0)","decl":{"start":{"line":27,"column":17},"end":{"line":27,"column":18}},"loc":{"start":{"line":27,"column":37},"end":{"line":128,"column":1}},"line":27},"1":{"name":"(anonymous_1)","decl":{"start":{"line":139,"column":14},"end":{"line":139,"column":15}},"loc":{"start":{"line":139,"column":34},"end":{"line":223,"column":1}},"line":139},"2":{"name":"(anonymous_2)","decl":{"start":{"line":234,"column":14},"end":{"line":234,"column":15}},"loc":{"start":{"line":234,"column":34},"end":{"line":270,"column":1}},"line":234},"3":{"name":"(anonymous_3)","decl":{"start":{"line":282,"column":17},"end":{"line":282,"column":18}},"loc":{"start":{"line":282,"column":37},"end":{"line":329,"column":1}},"line":282},"4":{"name":"(anonymous_4)","decl":{"start":{"line":341,"column":23},"end":{"line":341,"column":24}},"loc":{"start":{"line":341,"column":43},"end":{"line":404,"column":1}},"line":341}},"branchMap":{"0":{"loc":{"start":{"line":35,"column":4},"end":{"line":43,"column":5}},"type":"if","locations":[{"start":{"line":35,"column":4},"end":{"line":43,"column":5}},{"start":{},"end":{}}],"line":35},"1":{"loc":{"start":{"line":35,"column":8},"end":{"line":35,"column":62}},"type":"binary-expr","locations":[{"start":{"line":35,"column":8},"end":{"line":35,"column":15}},{"start":{"line":35,"column":19},"end":{"line":35,"column":28}},{"start":{"line":35,"column":32},"end":{"line":35,"column":39}},{"start":{"line":35,"column":43},"end":{"line":35,"column":49}},{"start":{"line":35,"column":53},"end":{"line":35,"column":62}}],"line":35},"2":{"loc":{"start":{"line":49,"column":4},"end":{"line":54,"column":5}},"type":"if","locations":[{"start":{"line":49,"column":4},"end":{"line":54,"column":5}},{"start":{},"end":{}}],"line":49},"3":{"loc":{"start":{"line":58,"column":4},"end":{"line":63,"column":5}},"type":"if","locations":[{"start":{"line":58,"column":4},"end":{"line":63,"column":5}},{"start":{},"end":{}}],"line":58},"4":{"loc":{"start":{"line":71,"column":4},"end":{"line":76,"column":5}},"type":"if","locations":[{"start":{"line":71,"column":4},"end":{"line":76,"column":5}},{"start":{},"end":{}}],"line":71},"5":{"loc":{"start":{"line":88,"column":16},"end":{"line":88,"column":32}},"type":"binary-expr","locations":[{"start":{"line":88,"column":16},"end":{"line":88,"column":24}},{"start":{"line":88,"column":28},"end":{"line":88,"column":32}}],"line":88},"6":{"loc":{"start":{"line":89,"column":17},"end":{"line":89,"column":34}},"type":"binary-expr","locations":[{"start":{"line":89,"column":17},"end":{"line":89,"column":26}},{"start":{"line":89,"column":30},"end":{"line":89,"column":34}}],"line":89},"7":{"loc":{"start":{"line":145,"column":4},"end":{"line":150,"column":5}},"type":"if","locations":[{"start":{"line":145,"column":4},"end":{"line":150,"column":5}},{"start":{},"end":{}}],"line":145},"8":{"loc":{"start":{"line":145,"column":8},"end":{"line":145,"column":27}},"type":"binary-expr","locations":[{"start":{"line":145,"column":8},"end":{"line":145,"column":14}},{"start":{"line":145,"column":18},"end":{"line":145,"column":27}}],"line":145},"9":{"loc":{"start":{"line":161,"column":4},"end":{"line":169,"column":5}},"type":"if","locations":[{"start":{"line":161,"column":4},"end":{"line":169,"column":5}},{"start":{},"end":{}}],"line":161},"10":{"loc":{"start":{"line":173,"column":4},"end":{"line":178,"column":5}},"type":"if","locations":[{"start":{"line":173,"column":4},"end":{"line":178,"column":5}},{"start":{},"end":{}}],"line":173},"11":{"loc":{"start":{"line":187,"column":4},"end":{"line":192,"column":5}},"type":"if","locations":[{"start":{"line":187,"column":4},"end":{"line":192,"column":5}},{"start":{},"end":{}}],"line":187},"12":{"loc":{"start":{"line":247,"column":4},"end":{"line":252,"column":5}},"type":"if","locations":[{"start":{"line":247,"column":4},"end":{"line":252,"column":5}},{"start":{},"end":{}}],"line":247},"13":{"loc":{"start":{"line":291,"column":4},"end":{"line":296,"column":5}},"type":"if","locations":[{"start":{"line":291,"column":4},"end":{"line":296,"column":5}},{"start":{},"end":{}}],"line":291},"14":{"loc":{"start":{"line":301,"column":4},"end":{"line":301,"column":54}},"type":"if","locations":[{"start":{"line":301,"column":4},"end":{"line":301,"column":54}},{"start":{},"end":{}}],"line":301},"15":{"loc":{"start":{"line":302,"column":4},"end":{"line":302,"column":60}},"type":"if","locations":[{"start":{"line":302,"column":4},"end":{"line":302,"column":60}},{"start":{},"end":{}}],"line":302},"16":{"loc":{"start":{"line":303,"column":4},"end":{"line":303,"column":60}},"type":"if","locations":[{"start":{"line":303,"column":4},"end":{"line":303,"column":60}},{"start":{},"end":{}}],"line":303},"17":{"loc":{"start":{"line":304,"column":4},"end":{"line":304,"column":63}},"type":"if","locations":[{"start":{"line":304,"column":4},"end":{"line":304,"column":63}},{"start":{},"end":{}}],"line":304},"18":{"loc":{"start":{"line":347,"column":4},"end":{"line":352,"column":5}},"type":"if","locations":[{"start":{"line":347,"column":4},"end":{"line":352,"column":5}},{"start":{},"end":{}}],"line":347},"19":{"loc":{"start":{"line":347,"column":8},"end":{"line":347,"column":41}},"type":"binary-expr","locations":[{"start":{"line":347,"column":8},"end":{"line":347,"column":23}},{"start":{"line":347,"column":27},"end":{"line":347,"column":41}}],"line":347},"20":{"loc":{"start":{"line":355,"column":4},"end":{"line":360,"column":5}},"type":"if","locations":[{"start":{"line":355,"column":4},"end":{"line":360,"column":5}},{"start":{},"end":{}}],"line":355},"21":{"loc":{"start":{"line":366,"column":4},"end":{"line":371,"column":5}},"type":"if","locations":[{"start":{"line":366,"column":4},"end":{"line":371,"column":5}},{"start":{},"end":{}}],"line":366},"22":{"loc":{"start":{"line":377,"column":4},"end":{"line":382,"column":5}},"type":"if","locations":[{"start":{"line":377,"column":4},"end":{"line":382,"column":5}},{"start":{},"end":{}}],"line":377}},"s":{"0":1,"1":1,"2":1,"3":1,"4":1,"5":1,"6":0,"7":1,"8":1,"9":0,"10":1,"11":0,"12":1,"13":1,"14":0,"15":1,"16":1,"17":1,"18":1,"19":1,"20":0,"21":0,"22":1,"23":4,"24":4,"25":4,"26":0,"27":4,"28":4,"29":1,"30":3,"31":0,"32":3,"33":3,"34":0,"35":3,"36":3,"37":3,"38":3,"39":0,"40":0,"41":1,"42":1,"43":1,"44":1,"45":0,"46":1,"47":0,"48":0,"49":1,"50":0,"51":0,"52":0,"53":0,"54":0,"55":0,"56":0,"57":0,"58":0,"59":0,"60":0,"61":0,"62":0,"63":0,"64":0,"65":0,"66":0,"67":1,"68":0,"69":0,"70":0,"71":0,"72":0,"73":0,"74":0,"75":0,"76":0,"77":0,"78":0,"79":0,"80":0,"81":0,"82":0,"83":0,"84":0,"85":1},"f":{"0":1,"1":4,"2":1,"3":0,"4":0},"b":{"0":[0,1],"1":[1,1,1,1,1],"2":[0,1],"3":[0,1],"4":[0,1],"5":[1,0],"6":[1,0],"7":[0,4],"8":[4,4],"9":[1,3],"10":[0,3],"11":[0,3],"12":[0,1],"13":[0,0],"14":[0,0],"15":[0,0],"16":[0,0],"17":[0,0],"18":[0,0],"19":[0,0],"20":[0,0],"21":[0,0],"22":[0,0]},"_coverageSchema":"1a1c01bbd47fc00a2c39e90264f33305004495a9","hash":"d275b1de73ea8aced13afe312867d1a16bcb29da"}
,"C:\\Users\\ASUS\\Desktop\\MarketCOL\\MarketCOL\\MarketCOL\\backend\\controllers\\carrito.controller.js": {"path":"C:\\Users\\ASUS\\Desktop\\MarketCOL\\MarketCOL\\MarketCOL\\backend\\controllers\\carrito.controller.js","statementMap":{"0":{"start":{"line":12,"column":16},"end":{"line":12,"column":44}},"1":{"start":{"line":16,"column":17},"end":{"line":16,"column":46}},"2":{"start":{"line":20,"column":18},"end":{"line":20,"column":48}},"3":{"start":{"line":24,"column":21},"end":{"line":24,"column":54}},"4":{"start":{"line":32,"column":19},"end":{"line":100,"column":1}},"5":{"start":{"line":33,"column":2},"end":{"line":99,"column":3}},"6":{"start":{"line":36,"column":25},"end":{"line":66,"column":6}},"7":{"start":{"line":69,"column":16},"end":{"line":69,"column":17}},"8":{"start":{"line":71,"column":4},"end":{"line":74,"column":7}},"9":{"start":{"line":73,"column":6},"end":{"line":73,"column":63}},"10":{"start":{"line":77,"column":4},"end":{"line":90,"column":7}},"11":{"start":{"line":85,"column":60},"end":{"line":85,"column":79}},"12":{"start":{"line":93,"column":4},"end":{"line":93,"column":49}},"13":{"start":{"line":94,"column":4},"end":{"line":98,"column":7}},"14":{"start":{"line":109,"column":25},"end":{"line":242,"column":1}},"15":{"start":{"line":110,"column":2},"end":{"line":241,"column":3}},"16":{"start":{"line":113,"column":41},"end":{"line":113,"column":49}},"17":{"start":{"line":116,"column":4},"end":{"line":121,"column":5}},"18":{"start":{"line":117,"column":6},"end":{"line":120,"column":9}},"19":{"start":{"line":125,"column":24},"end":{"line":125,"column":42}},"20":{"start":{"line":126,"column":4},"end":{"line":131,"column":5}},"21":{"start":{"line":127,"column":6},"end":{"line":130,"column":9}},"22":{"start":{"line":135,"column":21},"end":{"line":135,"column":56}},"23":{"start":{"line":138,"column":4},"end":{"line":143,"column":5}},"24":{"start":{"line":139,"column":6},"end":{"line":142,"column":9}},"25":{"start":{"line":146,"column":4},"end":{"line":151,"column":5}},"26":{"start":{"line":147,"column":6},"end":{"line":150,"column":9}},"27":{"start":{"line":155,"column":26},"end":{"line":160,"column":6}},"28":{"start":{"line":163,"column":4},"end":{"line":197,"column":5}},"29":{"start":{"line":165,"column":28},"end":{"line":165,"column":64}},"30":{"start":{"line":168,"column":6},"end":{"line":173,"column":7}},"31":{"start":{"line":169,"column":8},"end":{"line":172,"column":11}},"32":{"start":{"line":176,"column":6},"end":{"line":176,"column":45}},"33":{"start":{"line":177,"column":6},"end":{"line":177,"column":33}},"34":{"start":{"line":181,"column":6},"end":{"line":187,"column":9}},"35":{"start":{"line":190,"column":6},"end":{"line":196,"column":9}},"36":{"start":{"line":200,"column":4},"end":{"line":205,"column":5}},"37":{"start":{"line":201,"column":6},"end":{"line":204,"column":9}},"38":{"start":{"line":209,"column":22},"end":{"line":214,"column":6}},"39":{"start":{"line":217,"column":4},"end":{"line":223,"column":7}},"40":{"start":{"line":226,"column":4},"end":{"line":232,"column":7}},"41":{"start":{"line":235,"column":4},"end":{"line":235,"column":55}},"42":{"start":{"line":236,"column":4},"end":{"line":240,"column":7}},"43":{"start":{"line":251,"column":30},"end":{"line":320,"column":1}},"44":{"start":{"line":252,"column":2},"end":{"line":319,"column":3}},"45":{"start":{"line":255,"column":19},"end":{"line":255,"column":29}},"46":{"start":{"line":257,"column":25},"end":{"line":257,"column":33}},"47":{"start":{"line":260,"column":24},"end":{"line":260,"column":42}},"48":{"start":{"line":261,"column":4},"end":{"line":266,"column":5}},"49":{"start":{"line":262,"column":6},"end":{"line":265,"column":9}},"50":{"start":{"line":270,"column":17},"end":{"line":281,"column":6}},"51":{"start":{"line":284,"column":4},"end":{"line":289,"column":5}},"52":{"start":{"line":285,"column":6},"end":{"line":288,"column":9}},"53":{"start":{"line":292,"column":4},"end":{"line":297,"column":5}},"54":{"start":{"line":293,"column":6},"end":{"line":296,"column":9}},"55":{"start":{"line":300,"column":4},"end":{"line":300,"column":32}},"56":{"start":{"line":301,"column":4},"end":{"line":301,"column":22}},"57":{"start":{"line":304,"column":4},"end":{"line":310,"column":7}},"58":{"start":{"line":313,"column":4},"end":{"line":313,"column":60}},"59":{"start":{"line":314,"column":4},"end":{"line":318,"column":7}},"60":{"start":{"line":328,"column":28},"end":{"line":365,"column":1}},"61":{"start":{"line":329,"column":2},"end":{"line":364,"column":3}},"62":{"start":{"line":331,"column":19},"end":{"line":331,"column":29}},"63":{"start":{"line":334,"column":17},"end":{"line":339,"column":6}},"64":{"start":{"line":341,"column":4},"end":{"line":346,"column":5}},"65":{"start":{"line":342,"column":6},"end":{"line":345,"column":9}},"66":{"start":{"line":349,"column":4},"end":{"line":349,"column":25}},"67":{"start":{"line":352,"column":4},"end":{"line":355,"column":7}},"68":{"start":{"line":358,"column":4},"end":{"line":358,"column":58}},"69":{"start":{"line":359,"column":4},"end":{"line":363,"column":7}},"70":{"start":{"line":373,"column":22},"end":{"line":399,"column":1}},"71":{"start":{"line":374,"column":2},"end":{"line":398,"column":3}},"72":{"start":{"line":378,"column":28},"end":{"line":380,"column":6}},"73":{"start":{"line":383,"column":4},"end":{"line":389,"column":7}},"74":{"start":{"line":392,"column":4},"end":{"line":392,"column":52}},"75":{"start":{"line":393,"column":4},"end":{"line":397,"column":7}},"76":{"start":{"line":403,"column":0},"end":{"line":409,"column":2}}},"fnMap":{"0":{"name":"(anonymous_0)","decl":{"start":{"line":32,"column":19},"end":{"line":32,"column":20}},"loc":{"start":{"line":32,"column":39},"end":{"line":100,"column":1}},"line":32},"1":{"name":"(anonymous_1)","decl":{"start":{"line":71,"column":25},"end":{"line":71,"column":26}},"loc":{"start":{"line":71,"column":33},"end":{"line":74,"column":5}},"line":71},"2":{"name":"(anonymous_2)","decl":{"start":{"line":85,"column":45},"end":{"line":85,"column":46}},"loc":{"start":{"line":85,"column":60},"end":{"line":85,"column":79}},"line":85},"3":{"name":"(anonymous_3)","decl":{"start":{"line":109,"column":25},"end":{"line":109,"column":26}},"loc":{"start":{"line":109,"column":45},"end":{"line":242,"column":1}},"line":109},"4":{"name":"(anonymous_4)","decl":{"start":{"line":251,"column":30},"end":{"line":251,"column":31}},"loc":{"start":{"line":251,"column":50},"end":{"line":320,"column":1}},"line":251},"5":{"name":"(anonymous_5)","decl":{"start":{"line":328,"column":28},"end":{"line":328,"column":29}},"loc":{"start":{"line":328,"column":48},"end":{"line":365,"column":1}},"line":328},"6":{"name":"(anonymous_6)","decl":{"start":{"line":373,"column":22},"end":{"line":373,"column":23}},"loc":{"start":{"line":373,"column":42},"end":{"line":399,"column":1}},"line":373}},"branchMap":{"0":{"loc":{"start":{"line":113,"column":24},"end":{"line":113,"column":36}},"type":"default-arg","locations":[{"start":{"line":113,"column":35},"end":{"line":113,"column":36}}],"line":113},"1":{"loc":{"start":{"line":116,"column":4},"end":{"line":121,"column":5}},"type":"if","locations":[{"start":{"line":116,"column":4},"end":{"line":121,"column":5}},{"start":{},"end":{}}],"line":116},"2":{"loc":{"start":{"line":126,"column":4},"end":{"line":131,"column":5}},"type":"if","locations":[{"start":{"line":126,"column":4},"end":{"line":131,"column":5}},{"start":{},"end":{}}],"line":126},"3":{"loc":{"start":{"line":138,"column":4},"end":{"line":143,"column":5}},"type":"if","locations":[{"start":{"line":138,"column":4},"end":{"line":143,"column":5}},{"start":{},"end":{}}],"line":138},"4":{"loc":{"start":{"line":146,"column":4},"end":{"line":151,"column":5}},"type":"if","locations":[{"start":{"line":146,"column":4},"end":{"line":151,"column":5}},{"start":{},"end":{}}],"line":146},"5":{"loc":{"start":{"line":163,"column":4},"end":{"line":197,"column":5}},"type":"if","locations":[{"start":{"line":163,"column":4},"end":{"line":197,"column":5}},{"start":{},"end":{}}],"line":163},"6":{"loc":{"start":{"line":168,"column":6},"end":{"line":173,"column":7}},"type":"if","locations":[{"start":{"line":168,"column":6},"end":{"line":173,"column":7}},{"start":{},"end":{}}],"line":168},"7":{"loc":{"start":{"line":200,"column":4},"end":{"line":205,"column":5}},"type":"if","locations":[{"start":{"line":200,"column":4},"end":{"line":205,"column":5}},{"start":{},"end":{}}],"line":200},"8":{"loc":{"start":{"line":261,"column":4},"end":{"line":266,"column":5}},"type":"if","locations":[{"start":{"line":261,"column":4},"end":{"line":266,"column":5}},{"start":{},"end":{}}],"line":261},"9":{"loc":{"start":{"line":284,"column":4},"end":{"line":289,"column":5}},"type":"if","locations":[{"start":{"line":284,"column":4},"end":{"line":289,"column":5}},{"start":{},"end":{}}],"line":284},"10":{"loc":{"start":{"line":292,"column":4},"end":{"line":297,"column":5}},"type":"if","locations":[{"start":{"line":292,"column":4},"end":{"line":297,"column":5}},{"start":{},"end":{}}],"line":292},"11":{"loc":{"start":{"line":341,"column":4},"end":{"line":346,"column":5}},"type":"if","locations":[{"start":{"line":341,"column":4},"end":{"line":346,"column":5}},{"start":{},"end":{}}],"line":341}},"s":{"0":1,"1":1,"2":1,"3":1,"4":1,"5":1,"6":1,"7":1,"8":1,"9":1,"10":1,"11":1,"12":0,"13":0,"14":1,"15":1,"16":1,"17":1,"18":0,"19":1,"20":1,"21":0,"22":1,"23":1,"24":0,"25":1,"26":0,"27":1,"28":1,"29":0,"30":0,"31":0,"32":0,"33":0,"34":0,"35":0,"36":1,"37":0,"38":1,"39":1,"40":1,"41":0,"42":0,"43":1,"44":0,"45":0,"46":0,"47":0,"48":0,"49":0,"50":0,"51":0,"52":0,"53":0,"54":0,"55":0,"56":0,"57":0,"58":0,"59":0,"60":1,"61":0,"62":0,"63":0,"64":0,"65":0,"66":0,"67":0,"68":0,"69":0,"70":1,"71":0,"72":0,"73":0,"74":0,"75":0,"76":1},"f":{"0":1,"1":1,"2":1,"3":1,"4":0,"5":0,"6":0},"b":{"0":[0],"1":[0,1],"2":[0,1],"3":[0,1],"4":[0,1],"5":[0,1],"6":[0,0],"7":[0,1],"8":[0,0],"9":[0,0],"10":[0,0],"11":[0,0]},"_coverageSchema":"1a1c01bbd47fc00a2c39e90264f33305004495a9","hash":"b366fa8ca27220ff12069a516b56cd51eff0e782"}
,"C:\\Users\\ASUS\\Desktop\\MarketCOL\\MarketCOL\\MarketCOL\\backend\\controllers\\catalogo.controller.js": {"path":"C:\\Users\\ASUS\\Desktop\\MarketCOL\\MarketCOL\\MarketCOL\\backend\\controllers\\catalogo.controller.js","statementMap":{"0":{"start":{"line":12,"column":17},"end":{"line":12,"column":46}},"1":{"start":{"line":16,"column":18},"end":{"line":16,"column":48}},"2":{"start":{"line":20,"column":21},"end":{"line":20,"column":54}},"3":{"start":{"line":36,"column":21},"end":{"line":158,"column":1}},"4":{"start":{"line":37,"column":2},"end":{"line":157,"column":3}},"5":{"start":{"line":51,"column":8},"end":{"line":51,"column":17}},"6":{"start":{"line":55,"column":19},"end":{"line":55,"column":39}},"7":{"start":{"line":59,"column":18},"end":{"line":62,"column":5}},"8":{"start":{"line":65,"column":4},"end":{"line":65,"column":53}},"9":{"start":{"line":65,"column":21},"end":{"line":65,"column":53}},"10":{"start":{"line":66,"column":4},"end":{"line":66,"column":62}},"11":{"start":{"line":66,"column":24},"end":{"line":66,"column":62}},"12":{"start":{"line":69,"column":4},"end":{"line":76,"column":5}},"13":{"start":{"line":72,"column":6},"end":{"line":75,"column":8}},"14":{"start":{"line":79,"column":4},"end":{"line":85,"column":5}},"15":{"start":{"line":80,"column":6},"end":{"line":80,"column":24}},"16":{"start":{"line":82,"column":6},"end":{"line":82,"column":66}},"17":{"start":{"line":82,"column":21},"end":{"line":82,"column":66}},"18":{"start":{"line":84,"column":6},"end":{"line":84,"column":66}},"19":{"start":{"line":84,"column":21},"end":{"line":84,"column":66}},"20":{"start":{"line":90,"column":4},"end":{"line":104,"column":5}},"21":{"start":{"line":92,"column":8},"end":{"line":92,"column":36}},"22":{"start":{"line":93,"column":8},"end":{"line":93,"column":14}},"23":{"start":{"line":95,"column":8},"end":{"line":95,"column":37}},"24":{"start":{"line":96,"column":8},"end":{"line":96,"column":14}},"25":{"start":{"line":98,"column":8},"end":{"line":98,"column":36}},"26":{"start":{"line":99,"column":8},"end":{"line":99,"column":14}},"27":{"start":{"line":102,"column":8},"end":{"line":102,"column":40}},"28":{"start":{"line":103,"column":8},"end":{"line":103,"column":14}},"29":{"start":{"line":108,"column":19},"end":{"line":108,"column":60}},"30":{"start":{"line":114,"column":39},"end":{"line":133,"column":6}},"31":{"start":{"line":136,"column":4},"end":{"line":148,"column":7}},"32":{"start":{"line":151,"column":4},"end":{"line":151,"column":51}},"33":{"start":{"line":152,"column":4},"end":{"line":156,"column":7}},"34":{"start":{"line":166,"column":24},"end":{"line":218,"column":1}},"35":{"start":{"line":167,"column":2},"end":{"line":217,"column":3}},"36":{"start":{"line":169,"column":19},"end":{"line":169,"column":29}},"37":{"start":{"line":173,"column":21},"end":{"line":192,"column":6}},"38":{"start":{"line":195,"column":4},"end":{"line":200,"column":5}},"39":{"start":{"line":196,"column":6},"end":{"line":199,"column":9}},"40":{"start":{"line":203,"column":4},"end":{"line":208,"column":7}},"41":{"start":{"line":211,"column":4},"end":{"line":211,"column":54}},"42":{"start":{"line":212,"column":4},"end":{"line":216,"column":7}},"43":{"start":{"line":226,"column":22},"end":{"line":277,"column":1}},"44":{"start":{"line":227,"column":2},"end":{"line":276,"column":3}},"45":{"start":{"line":229,"column":19},"end":{"line":229,"column":39}},"46":{"start":{"line":232,"column":23},"end":{"line":236,"column":6}},"47":{"start":{"line":241,"column":34},"end":{"line":259,"column":5}},"48":{"start":{"line":244,"column":31},"end":{"line":250,"column":10}},"49":{"start":{"line":254,"column":8},"end":{"line":257,"column":10}},"50":{"start":{"line":262,"column":4},"end":{"line":267,"column":7}},"51":{"start":{"line":270,"column":4},"end":{"line":270,"column":52}},"52":{"start":{"line":271,"column":4},"end":{"line":275,"column":7}},"53":{"start":{"line":285,"column":37},"end":{"line":351,"column":1}},"54":{"start":{"line":286,"column":2},"end":{"line":350,"column":3}},"55":{"start":{"line":288,"column":19},"end":{"line":288,"column":29}},"56":{"start":{"line":289,"column":19},"end":{"line":289,"column":39}},"57":{"start":{"line":292,"column":22},"end":{"line":294,"column":6}},"58":{"start":{"line":296,"column":4},"end":{"line":301,"column":5}},"59":{"start":{"line":297,"column":6},"end":{"line":300,"column":9}},"60":{"start":{"line":304,"column":26},"end":{"line":311,"column":6}},"61":{"start":{"line":314,"column":37},"end":{"line":329,"column":5}},"62":{"start":{"line":316,"column":31},"end":{"line":322,"column":10}},"63":{"start":{"line":324,"column":8},"end":{"line":327,"column":10}},"64":{"start":{"line":332,"column":4},"end":{"line":341,"column":7}},"65":{"start":{"line":344,"column":4},"end":{"line":344,"column":67}},"66":{"start":{"line":345,"column":4},"end":{"line":349,"column":7}},"67":{"start":{"line":360,"column":31},"end":{"line":406,"column":1}},"68":{"start":{"line":361,"column":2},"end":{"line":405,"column":3}},"69":{"start":{"line":363,"column":27},"end":{"line":363,"column":36}},"70":{"start":{"line":364,"column":19},"end":{"line":364,"column":39}},"71":{"start":{"line":367,"column":22},"end":{"line":388,"column":6}},"72":{"start":{"line":391,"column":4},"end":{"line":396,"column":7}},"73":{"start":{"line":399,"column":4},"end":{"line":399,"column":61}},"74":{"start":{"line":400,"column":4},"end":{"line":404,"column":7}},"75":{"start":{"line":409,"column":0},"end":{"line":415,"column":2}}},"fnMap":{"0":{"name":"(anonymous_0)","decl":{"start":{"line":36,"column":21},"end":{"line":36,"column":22}},"loc":{"start":{"line":36,"column":41},"end":{"line":158,"column":1}},"line":36},"1":{"name":"(anonymous_1)","decl":{"start":{"line":166,"column":24},"end":{"line":166,"column":25}},"loc":{"start":{"line":166,"column":44},"end":{"line":218,"column":1}},"line":166},"2":{"name":"(anonymous_2)","decl":{"start":{"line":226,"column":22},"end":{"line":226,"column":23}},"loc":{"start":{"line":226,"column":42},"end":{"line":277,"column":1}},"line":226},"3":{"name":"(anonymous_3)","decl":{"start":{"line":242,"column":21},"end":{"line":242,"column":22}},"loc":{"start":{"line":242,"column":42},"end":{"line":258,"column":7}},"line":242},"4":{"name":"(anonymous_4)","decl":{"start":{"line":285,"column":37},"end":{"line":285,"column":38}},"loc":{"start":{"line":285,"column":57},"end":{"line":351,"column":1}},"line":285},"5":{"name":"(anonymous_5)","decl":{"start":{"line":315,"column":24},"end":{"line":315,"column":25}},"loc":{"start":{"line":315,"column":48},"end":{"line":328,"column":7}},"line":315},"6":{"name":"(anonymous_6)","decl":{"start":{"line":360,"column":31},"end":{"line":360,"column":32}},"loc":{"start":{"line":360,"column":51},"end":{"line":406,"column":1}},"line":360}},"branchMap":{"0":{"loc":{"start":{"line":48,"column":6},"end":{"line":48,"column":24}},"type":"default-arg","locations":[{"start":{"line":48,"column":14},"end":{"line":48,"column":24}}],"line":48},"1":{"loc":{"start":{"line":49,"column":6},"end":{"line":49,"column":16}},"type":"default-arg","locations":[{"start":{"line":49,"column":15},"end":{"line":49,"column":16}}],"line":49},"2":{"loc":{"start":{"line":50,"column":6},"end":{"line":50,"column":17}},"type":"default-arg","locations":[{"start":{"line":50,"column":15},"end":{"line":50,"column":17}}],"line":50},"3":{"loc":{"start":{"line":65,"column":4},"end":{"line":65,"column":53}},"type":"if","locations":[{"start":{"line":65,"column":4},"end":{"line":65,"column":53}},{"start":{},"end":{}}],"line":65},"4":{"loc":{"start":{"line":66,"column":4},"end":{"line":66,"column":62}},"type":"if","locations":[{"start":{"line":66,"column":4},"end":{"line":66,"column":62}},{"start":{},"end":{}}],"line":66},"5":{"loc":{"start":{"line":69,"column":4},"end":{"line":76,"column":5}},"type":"if","locations":[{"start":{"line":69,"column":4},"end":{"line":76,"column":5}},{"start":{},"end":{}}],"line":69},"6":{"loc":{"start":{"line":79,"column":4},"end":{"line":85,"column":5}},"type":"if","locations":[{"start":{"line":79,"column":4},"end":{"line":85,"column":5}},{"start":{},"end":{}}],"line":79},"7":{"loc":{"start":{"line":79,"column":8},"end":{"line":79,"column":30}},"type":"binary-expr","locations":[{"start":{"line":79,"column":8},"end":{"line":79,"column":17}},{"start":{"line":79,"column":21},"end":{"line":79,"column":30}}],"line":79},"8":{"loc":{"start":{"line":82,"column":6},"end":{"line":82,"column":66}},"type":"if","locations":[{"start":{"line":82,"column":6},"end":{"line":82,"column":66}},{"start":{},"end":{}}],"line":82},"9":{"loc":{"start":{"line":84,"column":6},"end":{"line":84,"column":66}},"type":"if","locations":[{"start":{"line":84,"column":6},"end":{"line":84,"column":66}},{"start":{},"end":{}}],"line":84},"10":{"loc":{"start":{"line":90,"column":4},"end":{"line":104,"column":5}},"type":"switch","locations":[{"start":{"line":91,"column":6},"end":{"line":93,"column":14}},{"start":{"line":94,"column":6},"end":{"line":96,"column":14}},{"start":{"line":97,"column":6},"end":{"line":99,"column":14}},{"start":{"line":100,"column":6},"end":{"line":100,"column":22}},{"start":{"line":101,"column":6},"end":{"line":103,"column":14}}],"line":90},"11":{"loc":{"start":{"line":195,"column":4},"end":{"line":200,"column":5}},"type":"if","locations":[{"start":{"line":195,"column":4},"end":{"line":200,"column":5}},{"start":{},"end":{}}],"line":195},"12":{"loc":{"start":{"line":296,"column":4},"end":{"line":301,"column":5}},"type":"if","locations":[{"start":{"line":296,"column":4},"end":{"line":301,"column":5}},{"start":{},"end":{}}],"line":296},"13":{"loc":{"start":{"line":363,"column":12},"end":{"line":363,"column":22}},"type":"default-arg","locations":[{"start":{"line":363,"column":21},"end":{"line":363,"column":22}}],"line":363}},"s":{"0":1,"1":1,"2":1,"3":1,"4":2,"5":2,"6":2,"7":2,"8":2,"9":0,"10":2,"11":0,"12":2,"13":0,"14":2,"15":0,"16":0,"17":0,"18":0,"19":0,"20":2,"21":0,"22":0,"23":0,"24":0,"25":0,"26":0,"27":2,"28":2,"29":2,"30":2,"31":2,"32":0,"33":0,"34":1,"35":1,"36":1,"37":1,"38":1,"39":0,"40":1,"41":0,"42":0,"43":1,"44":1,"45":1,"46":1,"47":1,"48":7,"49":7,"50":1,"51":0,"52":0,"53":1,"54":1,"55":1,"56":1,"57":1,"58":1,"59":0,"60":1,"61":1,"62":4,"63":4,"64":1,"65":0,"66":0,"67":1,"68":0,"69":0,"70":0,"71":0,"72":0,"73":0,"74":0,"75":1},"f":{"0":2,"1":1,"2":1,"3":7,"4":1,"5":4,"6":0},"b":{"0":[2],"1":[2],"2":[2],"3":[0,2],"4":[0,2],"5":[0,2],"6":[0,2],"7":[2,2],"8":[0,0],"9":[0,0],"10":[0,0,0,2,2],"11":[0,1],"12":[0,1],"13":[0]},"_coverageSchema":"1a1c01bbd47fc00a2c39e90264f33305004495a9","hash":"1984eeb0b100655ea9da432eea7ba27151001894"}
,"C:\\Users\\ASUS\\Desktop\\MarketCOL\\MarketCOL\\MarketCOL\\backend\\controllers\\categoria.controller.js": {"path":"C:\\Users\\ASUS\\Desktop\\MarketCOL\\MarketCOL\\MarketCOL\\backend\\controllers\\categoria.controller.js","statementMap":{"0":{"start":{"line":12,"column":18},"end":{"line":12,"column":48}},"1":{"start":{"line":16,"column":21},"end":{"line":16,"column":54}},"2":{"start":{"line":20,"column":17},"end":{"line":20,"column":46}},"3":{"start":{"line":30,"column":22},"end":{"line":76,"column":1}},"4":{"start":{"line":31,"column":2},"end":{"line":75,"column":3}},"5":{"start":{"line":33,"column":45},"end":{"line":33,"column":54}},"6":{"start":{"line":37,"column":21},"end":{"line":39,"column":5}},"7":{"start":{"line":43,"column":4},"end":{"line":45,"column":5}},"8":{"start":{"line":44,"column":6},"end":{"line":44,"column":53}},"9":{"start":{"line":48,"column":4},"end":{"line":54,"column":5}},"10":{"start":{"line":49,"column":6},"end":{"line":53,"column":9}},"11":{"start":{"line":57,"column":23},"end":{"line":57,"column":56}},"12":{"start":{"line":60,"column":4},"end":{"line":66,"column":7}},"13":{"start":{"line":69,"column":4},"end":{"line":69,"column":52}},"14":{"start":{"line":70,"column":4},"end":{"line":74,"column":7}},"15":{"start":{"line":84,"column":25},"end":{"line":137,"column":1}},"16":{"start":{"line":85,"column":2},"end":{"line":136,"column":3}},"17":{"start":{"line":87,"column":19},"end":{"line":87,"column":29}},"18":{"start":{"line":91,"column":22},"end":{"line":104,"column":6}},"19":{"start":{"line":107,"column":4},"end":{"line":112,"column":5}},"20":{"start":{"line":108,"column":6},"end":{"line":111,"column":9}},"21":{"start":{"line":115,"column":26},"end":{"line":115,"column":44}},"22":{"start":{"line":117,"column":4},"end":{"line":117,"column":66}},"23":{"start":{"line":119,"column":4},"end":{"line":119,"column":35}},"24":{"start":{"line":122,"column":4},"end":{"line":127,"column":7}},"25":{"start":{"line":130,"column":4},"end":{"line":130,"column":55}},"26":{"start":{"line":131,"column":4},"end":{"line":135,"column":7}},"27":{"start":{"line":145,"column":23},"end":{"line":207,"column":1}},"28":{"start":{"line":146,"column":2},"end":{"line":206,"column":3}},"29":{"start":{"line":148,"column":36},"end":{"line":148,"column":44}},"30":{"start":{"line":151,"column":4},"end":{"line":156,"column":5}},"31":{"start":{"line":152,"column":6},"end":{"line":155,"column":9}},"32":{"start":{"line":160,"column":31},"end":{"line":162,"column":6}},"33":{"start":{"line":165,"column":4},"end":{"line":170,"column":5}},"34":{"start":{"line":166,"column":6},"end":{"line":169,"column":9}},"35":{"start":{"line":173,"column":27},"end":{"line":177,"column":6}},"36":{"start":{"line":180,"column":4},"end":{"line":186,"column":7}},"37":{"start":{"line":189,"column":4},"end":{"line":189,"column":53}},"38":{"start":{"line":192,"column":4},"end":{"line":199,"column":5}},"39":{"start":{"line":193,"column":6},"end":{"line":198,"column":9}},"40":{"start":{"line":197,"column":38},"end":{"line":197,"column":47}},"41":{"start":{"line":201,"column":4},"end":{"line":205,"column":7}},"42":{"start":{"line":215,"column":28},"end":{"line":282,"column":1}},"43":{"start":{"line":216,"column":2},"end":{"line":281,"column":3}},"44":{"start":{"line":218,"column":19},"end":{"line":218,"column":29}},"45":{"start":{"line":219,"column":44},"end":{"line":219,"column":52}},"46":{"start":{"line":222,"column":22},"end":{"line":222,"column":50}},"47":{"start":{"line":224,"column":4},"end":{"line":229,"column":5}},"48":{"start":{"line":225,"column":6},"end":{"line":228,"column":9}},"49":{"start":{"line":232,"column":4},"end":{"line":243,"column":5}},"50":{"start":{"line":233,"column":38},"end":{"line":235,"column":8}},"51":{"start":{"line":237,"column":6},"end":{"line":242,"column":7}},"52":{"start":{"line":238,"column":8},"end":{"line":241,"column":11}},"53":{"start":{"line":247,"column":4},"end":{"line":247,"column":56}},"54":{"start":{"line":247,"column":30},"end":{"line":247,"column":56}},"55":{"start":{"line":248,"column":4},"end":{"line":248,"column":71}},"56":{"start":{"line":248,"column":35},"end":{"line":248,"column":71}},"57":{"start":{"line":249,"column":4},"end":{"line":249,"column":56}},"58":{"start":{"line":249,"column":30},"end":{"line":249,"column":56}},"59":{"start":{"line":253,"column":4},"end":{"line":253,"column":27}},"60":{"start":{"line":256,"column":4},"end":{"line":262,"column":7}},"61":{"start":{"line":265,"column":4},"end":{"line":265,"column":58}},"62":{"start":{"line":268,"column":4},"end":{"line":274,"column":5}},"63":{"start":{"line":269,"column":6},"end":{"line":273,"column":9}},"64":{"start":{"line":272,"column":38},"end":{"line":272,"column":47}},"65":{"start":{"line":276,"column":4},"end":{"line":280,"column":7}},"66":{"start":{"line":292,"column":24},"end":{"line":345,"column":1}},"67":{"start":{"line":293,"column":2},"end":{"line":344,"column":3}},"68":{"start":{"line":294,"column":19},"end":{"line":294,"column":29}},"69":{"start":{"line":297,"column":22},"end":{"line":297,"column":50}},"70":{"start":{"line":299,"column":4},"end":{"line":304,"column":5}},"71":{"start":{"line":300,"column":6},"end":{"line":303,"column":9}},"72":{"start":{"line":307,"column":24},"end":{"line":307,"column":41}},"73":{"start":{"line":308,"column":4},"end":{"line":308,"column":35}},"74":{"start":{"line":312,"column":4},"end":{"line":312,"column":27}},"75":{"start":{"line":315,"column":35},"end":{"line":317,"column":6}},"76":{"start":{"line":319,"column":31},"end":{"line":321,"column":6}},"77":{"start":{"line":324,"column":4},"end":{"line":335,"column":7}},"78":{"start":{"line":338,"column":4},"end":{"line":338,"column":54}},"79":{"start":{"line":339,"column":4},"end":{"line":343,"column":7}},"80":{"start":{"line":355,"column":26},"end":{"line":414,"column":1}},"81":{"start":{"line":356,"column":2},"end":{"line":413,"column":3}},"82":{"start":{"line":357,"column":19},"end":{"line":357,"column":29}},"83":{"start":{"line":360,"column":22},"end":{"line":360,"column":50}},"84":{"start":{"line":362,"column":4},"end":{"line":367,"column":5}},"85":{"start":{"line":363,"column":6},"end":{"line":366,"column":9}},"86":{"start":{"line":370,"column":26},"end":{"line":372,"column":6}},"87":{"start":{"line":375,"column":4},"end":{"line":381,"column":5}},"88":{"start":{"line":376,"column":6},"end":{"line":380,"column":9}},"89":{"start":{"line":384,"column":22},"end":{"line":386,"column":6}},"90":{"start":{"line":389,"column":4},"end":{"line":395,"column":5}},"91":{"start":{"line":390,"column":6},"end":{"line":394,"column":9}},"92":{"start":{"line":398,"column":4},"end":{"line":398,"column":30}},"93":{"start":{"line":401,"column":4},"end":{"line":404,"column":7}},"94":{"start":{"line":407,"column":4},"end":{"line":407,"column":56}},"95":{"start":{"line":408,"column":4},"end":{"line":412,"column":7}},"96":{"start":{"line":423,"column":33},"end":{"line":512,"column":1}},"97":{"start":{"line":424,"column":2},"end":{"line":511,"column":3}},"98":{"start":{"line":425,"column":19},"end":{"line":425,"column":29}},"99":{"start":{"line":428,"column":22},"end":{"line":428,"column":50}},"100":{"start":{"line":430,"column":4},"end":{"line":435,"column":5}},"101":{"start":{"line":431,"column":6},"end":{"line":434,"column":9}},"102":{"start":{"line":438,"column":31},"end":{"line":440,"column":6}},"103":{"start":{"line":443,"column":33},"end":{"line":445,"column":6}},"104":{"start":{"line":448,"column":27},"end":{"line":450,"column":6}},"105":{"start":{"line":453,"column":29},"end":{"line":455,"column":6}},"106":{"start":{"line":458,"column":22},"end":{"line":461,"column":6}},"107":{"start":{"line":464,"column":31},"end":{"line":464,"column":32}},"108":{"start":{"line":465,"column":21},"end":{"line":465,"column":22}},"109":{"start":{"line":468,"column":4},"end":{"line":472,"column":7}},"110":{"start":{"line":470,"column":6},"end":{"line":470,"column":75}},"111":{"start":{"line":471,"column":6},"end":{"line":471,"column":35}},"112":{"start":{"line":475,"column":4},"end":{"line":502,"column":7}},"113":{"start":{"line":505,"column":4},"end":{"line":505,"column":63}},"114":{"start":{"line":506,"column":4},"end":{"line":510,"column":7}},"115":{"start":{"line":515,"column":0},"end":{"line":523,"column":2}}},"fnMap":{"0":{"name":"(anonymous_0)","decl":{"start":{"line":30,"column":22},"end":{"line":30,"column":23}},"loc":{"start":{"line":30,"column":42},"end":{"line":76,"column":1}},"line":30},"1":{"name":"(anonymous_1)","decl":{"start":{"line":84,"column":25},"end":{"line":84,"column":26}},"loc":{"start":{"line":84,"column":45},"end":{"line":137,"column":1}},"line":84},"2":{"name":"(anonymous_2)","decl":{"start":{"line":145,"column":23},"end":{"line":145,"column":24}},"loc":{"start":{"line":145,"column":43},"end":{"line":207,"column":1}},"line":145},"3":{"name":"(anonymous_3)","decl":{"start":{"line":197,"column":33},"end":{"line":197,"column":34}},"loc":{"start":{"line":197,"column":38},"end":{"line":197,"column":47}},"line":197},"4":{"name":"(anonymous_4)","decl":{"start":{"line":215,"column":28},"end":{"line":215,"column":29}},"loc":{"start":{"line":215,"column":48},"end":{"line":282,"column":1}},"line":215},"5":{"name":"(anonymous_5)","decl":{"start":{"line":272,"column":33},"end":{"line":272,"column":34}},"loc":{"start":{"line":272,"column":38},"end":{"line":272,"column":47}},"line":272},"6":{"name":"(anonymous_6)","decl":{"start":{"line":292,"column":24},"end":{"line":292,"column":25}},"loc":{"start":{"line":292,"column":44},"end":{"line":345,"column":1}},"line":292},"7":{"name":"(anonymous_7)","decl":{"start":{"line":355,"column":26},"end":{"line":355,"column":27}},"loc":{"start":{"line":355,"column":46},"end":{"line":414,"column":1}},"line":355},"8":{"name":"(anonymous_8)","decl":{"start":{"line":423,"column":33},"end":{"line":423,"column":34}},"loc":{"start":{"line":423,"column":53},"end":{"line":512,"column":1}},"line":423},"9":{"name":"(anonymous_9)","decl":{"start":{"line":468,"column":22},"end":{"line":468,"column":23}},"loc":{"start":{"line":468,"column":34},"end":{"line":472,"column":5}},"line":468}},"branchMap":{"0":{"loc":{"start":{"line":43,"column":4},"end":{"line":45,"column":5}},"type":"if","locations":[{"start":{"line":43,"column":4},"end":{"line":45,"column":5}},{"start":{},"end":{}}],"line":43},"1":{"loc":{"start":{"line":48,"column":4},"end":{"line":54,"column":5}},"type":"if","locations":[{"start":{"line":48,"column":4},"end":{"line":54,"column":5}},{"start":{},"end":{}}],"line":48},"2":{"loc":{"start":{"line":107,"column":4},"end":{"line":112,"column":5}},"type":"if","locations":[{"start":{"line":107,"column":4},"end":{"line":112,"column":5}},{"start":{},"end":{}}],"line":107},"3":{"loc":{"start":{"line":151,"column":4},"end":{"line":156,"column":5}},"type":"if","locations":[{"start":{"line":151,"column":4},"end":{"line":156,"column":5}},{"start":{},"end":{}}],"line":151},"4":{"loc":{"start":{"line":165,"column":4},"end":{"line":170,"column":5}},"type":"if","locations":[{"start":{"line":165,"column":4},"end":{"line":170,"column":5}},{"start":{},"end":{}}],"line":165},"5":{"loc":{"start":{"line":175,"column":19},"end":{"line":175,"column":38}},"type":"binary-expr","locations":[{"start":{"line":175,"column":19},"end":{"line":175,"column":30}},{"start":{"line":175,"column":34},"end":{"line":175,"column":38}}],"line":175},"6":{"loc":{"start":{"line":192,"column":4},"end":{"line":199,"column":5}},"type":"if","locations":[{"start":{"line":192,"column":4},"end":{"line":199,"column":5}},{"start":{},"end":{}}],"line":192},"7":{"loc":{"start":{"line":224,"column":4},"end":{"line":229,"column":5}},"type":"if","locations":[{"start":{"line":224,"column":4},"end":{"line":229,"column":5}},{"start":{},"end":{}}],"line":224},"8":{"loc":{"start":{"line":232,"column":4},"end":{"line":243,"column":5}},"type":"if","locations":[{"start":{"line":232,"column":4},"end":{"line":243,"column":5}},{"start":{},"end":{}}],"line":232},"9":{"loc":{"start":{"line":232,"column":8},"end":{"line":232,"column":45}},"type":"binary-expr","locations":[{"start":{"line":232,"column":8},"end":{"line":232,"column":14}},{"start":{"line":232,"column":18},"end":{"line":232,"column":45}}],"line":232},"10":{"loc":{"start":{"line":237,"column":6},"end":{"line":242,"column":7}},"type":"if","locations":[{"start":{"line":237,"column":6},"end":{"line":242,"column":7}},{"start":{},"end":{}}],"line":237},"11":{"loc":{"start":{"line":247,"column":4},"end":{"line":247,"column":56}},"type":"if","locations":[{"start":{"line":247,"column":4},"end":{"line":247,"column":56}},{"start":{},"end":{}}],"line":247},"12":{"loc":{"start":{"line":248,"column":4},"end":{"line":248,"column":71}},"type":"if","locations":[{"start":{"line":248,"column":4},"end":{"line":248,"column":71}},{"start":{},"end":{}}],"line":248},"13":{"loc":{"start":{"line":249,"column":4},"end":{"line":249,"column":56}},"type":"if","locations":[{"start":{"line":249,"column":4},"end":{"line":249,"column":56}},{"start":{},"end":{}}],"line":249},"14":{"loc":{"start":{"line":268,"column":4},"end":{"line":274,"column":5}},"type":"if","locations":[{"start":{"line":268,"column":4},"end":{"line":274,"column":5}},{"start":{},"end":{}}],"line":268},"15":{"loc":{"start":{"line":299,"column":4},"end":{"line":304,"column":5}},"type":"if","locations":[{"start":{"line":299,"column":4},"end":{"line":304,"column":5}},{"start":{},"end":{}}],"line":299},"16":{"loc":{"start":{"line":327,"column":28},"end":{"line":327,"column":68}},"type":"cond-expr","locations":[{"start":{"line":327,"column":42},"end":{"line":327,"column":52}},{"start":{"line":327,"column":55},"end":{"line":327,"column":68}}],"line":327},"17":{"loc":{"start":{"line":362,"column":4},"end":{"line":367,"column":5}},"type":"if","locations":[{"start":{"line":362,"column":4},"end":{"line":367,"column":5}},{"start":{},"end":{}}],"line":362},"18":{"loc":{"start":{"line":375,"column":4},"end":{"line":381,"column":5}},"type":"if","locations":[{"start":{"line":375,"column":4},"end":{"line":381,"column":5}},{"start":{},"end":{}}],"line":375},"19":{"loc":{"start":{"line":389,"column":4},"end":{"line":395,"column":5}},"type":"if","locations":[{"start":{"line":389,"column":4},"end":{"line":395,"column":5}},{"start":{},"end":{}}],"line":389},"20":{"loc":{"start":{"line":430,"column":4},"end":{"line":435,"column":5}},"type":"if","locations":[{"start":{"line":430,"column":4},"end":{"line":435,"column":5}},{"start":{},"end":{}}],"line":430}},"s":{"0":1,"1":1,"2":1,"3":1,"4":1,"5":1,"6":1,"7":1,"8":0,"9":1,"10":0,"11":1,"12":1,"13":0,"14":0,"15":1,"16":1,"17":1,"18":1,"19":1,"20":0,"21":1,"22":1,"23":1,"24":1,"25":0,"26":0,"27":1,"28":3,"29":3,"30":3,"31":0,"32":3,"33":3,"34":0,"35":3,"36":3,"37":0,"38":0,"39":0,"40":0,"41":0,"42":1,"43":1,"44":1,"45":1,"46":1,"47":1,"48":0,"49":1,"50":1,"51":1,"52":0,"53":1,"54":1,"55":1,"56":1,"57":1,"58":0,"59":1,"60":1,"61":0,"62":0,"63":0,"64":0,"65":0,"66":1,"67":0,"68":0,"69":0,"70":0,"71":0,"72":0,"73":0,"74":0,"75":0,"76":0,"77":0,"78":0,"79":0,"80":1,"81":1,"82":1,"83":1,"84":1,"85":0,"86":1,"87":1,"88":0,"89":1,"90":1,"91":0,"92":1,"93":1,"94":0,"95":0,"96":1,"97":0,"98":0,"99":0,"100":0,"101":0,"102":0,"103":0,"104":0,"105":0,"106":0,"107":0,"108":0,"109":0,"110":0,"111":0,"112":0,"113":0,"114":0,"115":1},"f":{"0":1,"1":1,"2":3,"3":0,"4":1,"5":0,"6":0,"7":1,"8":0,"9":0},"b":{"0":[0,1],"1":[0,1],"2":[0,1],"3":[0,3],"4":[0,3],"5":[3,0],"6":[0,0],"7":[0,1],"8":[1,0],"9":[1,1],"10":[0,1],"11":[1,0],"12":[1,0],"13":[0,1],"14":[0,0],"15":[0,0],"16":[0,0],"17":[0,1],"18":[0,1],"19":[0,1],"20":[0,0]},"_coverageSchema":"1a1c01bbd47fc00a2c39e90264f33305004495a9","hash":"c1a173af5c4d7f2be3079d9993b65273c4baad8e"}
,"C:\\Users\\ASUS\\Desktop\\MarketCOL\\MarketCOL\\MarketCOL\\backend\\controllers\\pedido.controller.js": {"path":"C:\\Users\\ASUS\\Desktop\\MarketCOL\\MarketCOL\\MarketCOL\\backend\\controllers\\pedido.controller.js","statementMap":{"0":{"start":{"line":12,"column":15},"end":{"line":12,"column":42}},"1":{"start":{"line":16,"column":22},"end":{"line":16,"column":56}},"2":{"start":{"line":20,"column":16},"end":{"line":20,"column":44}},"3":{"start":{"line":24,"column":17},"end":{"line":24,"column":46}},"4":{"start":{"line":28,"column":16},"end":{"line":28,"column":44}},"5":{"start":{"line":31,"column":18},"end":{"line":31,"column":48}},"6":{"start":{"line":34,"column":21},"end":{"line":34,"column":54}},"7":{"start":{"line":51,"column":20},"end":{"line":250,"column":1}},"8":{"start":{"line":54,"column":24},"end":{"line":54,"column":53}},"9":{"start":{"line":56,"column":12},"end":{"line":56,"column":41}},"10":{"start":{"line":58,"column":2},"end":{"line":249,"column":3}},"11":{"start":{"line":61,"column":84},"end":{"line":61,"column":92}},"12":{"start":{"line":63,"column":26},"end":{"line":63,"column":58}},"13":{"start":{"line":76,"column":4},"end":{"line":82,"column":5}},"14":{"start":{"line":77,"column":6},"end":{"line":77,"column":25}},"15":{"start":{"line":78,"column":6},"end":{"line":81,"column":9}},"16":{"start":{"line":85,"column":27},"end":{"line":85,"column":51}},"17":{"start":{"line":87,"column":4},"end":{"line":93,"column":5}},"18":{"start":{"line":88,"column":6},"end":{"line":88,"column":25}},"19":{"start":{"line":89,"column":6},"end":{"line":92,"column":9}},"20":{"start":{"line":98,"column":25},"end":{"line":106,"column":6}},"21":{"start":{"line":109,"column":4},"end":{"line":115,"column":5}},"22":{"start":{"line":110,"column":6},"end":{"line":110,"column":25}},"23":{"start":{"line":111,"column":6},"end":{"line":114,"column":9}},"24":{"start":{"line":119,"column":30},"end":{"line":119,"column":32}},"25":{"start":{"line":120,"column":22},"end":{"line":120,"column":23}},"26":{"start":{"line":123,"column":4},"end":{"line":142,"column":5}},"27":{"start":{"line":124,"column":23},"end":{"line":124,"column":36}},"28":{"start":{"line":127,"column":6},"end":{"line":130,"column":7}},"29":{"start":{"line":128,"column":8},"end":{"line":128,"column":75}},"30":{"start":{"line":129,"column":8},"end":{"line":129,"column":17}},"31":{"start":{"line":133,"column":6},"end":{"line":138,"column":7}},"32":{"start":{"line":134,"column":8},"end":{"line":136,"column":10}},"33":{"start":{"line":137,"column":8},"end":{"line":137,"column":17}},"34":{"start":{"line":141,"column":6},"end":{"line":141,"column":69}},"35":{"start":{"line":145,"column":4},"end":{"line":152,"column":5}},"36":{"start":{"line":146,"column":6},"end":{"line":146,"column":25}},"37":{"start":{"line":147,"column":6},"end":{"line":151,"column":9}},"38":{"start":{"line":155,"column":19},"end":{"line":163,"column":26}},"39":{"start":{"line":166,"column":27},"end":{"line":166,"column":29}},"40":{"start":{"line":168,"column":4},"end":{"line":185,"column":5}},"41":{"start":{"line":169,"column":23},"end":{"line":169,"column":36}},"42":{"start":{"line":172,"column":22},"end":{"line":178,"column":28}},"43":{"start":{"line":180,"column":6},"end":{"line":180,"column":35}},"44":{"start":{"line":183,"column":6},"end":{"line":183,"column":38}},"45":{"start":{"line":184,"column":6},"end":{"line":184,"column":46}},"46":{"start":{"line":189,"column":4},"end":{"line":192,"column":7}},"47":{"start":{"line":196,"column":4},"end":{"line":196,"column":21}},"48":{"start":{"line":200,"column":4},"end":{"line":217,"column":7}},"49":{"start":{"line":220,"column":20},"end":{"line":224,"column":5}},"50":{"start":{"line":226,"column":4},"end":{"line":235,"column":5}},"51":{"start":{"line":227,"column":27},"end":{"line":227,"column":72}},"52":{"start":{"line":228,"column":22},"end":{"line":228,"column":110}},"53":{"start":{"line":229,"column":27},"end":{"line":229,"column":94}},"54":{"start":{"line":231,"column":6},"end":{"line":231,"column":84}},"55":{"start":{"line":232,"column":6},"end":{"line":232,"column":45}},"56":{"start":{"line":234,"column":6},"end":{"line":234,"column":90}},"57":{"start":{"line":238,"column":4},"end":{"line":238,"column":36}},"58":{"start":{"line":242,"column":4},"end":{"line":242,"column":23}},"59":{"start":{"line":243,"column":4},"end":{"line":243,"column":50}},"60":{"start":{"line":244,"column":4},"end":{"line":248,"column":7}},"61":{"start":{"line":263,"column":22},"end":{"line":318,"column":1}},"62":{"start":{"line":264,"column":2},"end":{"line":317,"column":3}},"63":{"start":{"line":266,"column":48},"end":{"line":266,"column":57}},"64":{"start":{"line":269,"column":18},"end":{"line":269,"column":47}},"65":{"start":{"line":271,"column":4},"end":{"line":271,"column":38}},"66":{"start":{"line":271,"column":16},"end":{"line":271,"column":38}},"67":{"start":{"line":274,"column":19},"end":{"line":274,"column":60}},"68":{"start":{"line":278,"column":37},"end":{"line":294,"column":6}},"69":{"start":{"line":297,"column":4},"end":{"line":308,"column":7}},"70":{"start":{"line":311,"column":4},"end":{"line":311,"column":52}},"71":{"start":{"line":312,"column":4},"end":{"line":316,"column":7}},"72":{"start":{"line":326,"column":22},"end":{"line":394,"column":1}},"73":{"start":{"line":327,"column":2},"end":{"line":393,"column":3}},"74":{"start":{"line":328,"column":19},"end":{"line":328,"column":29}},"75":{"start":{"line":331,"column":18},"end":{"line":331,"column":24}},"76":{"start":{"line":333,"column":4},"end":{"line":335,"column":5}},"77":{"start":{"line":334,"column":6},"end":{"line":334,"column":39}},"78":{"start":{"line":338,"column":19},"end":{"line":368,"column":6}},"79":{"start":{"line":371,"column":4},"end":{"line":376,"column":5}},"80":{"start":{"line":372,"column":6},"end":{"line":375,"column":9}},"81":{"start":{"line":379,"column":4},"end":{"line":384,"column":7}},"82":{"start":{"line":387,"column":4},"end":{"line":387,"column":52}},"83":{"start":{"line":388,"column":4},"end":{"line":392,"column":7}},"84":{"start":{"line":404,"column":23},"end":{"line":479,"column":1}},"85":{"start":{"line":406,"column":24},"end":{"line":406,"column":53}},"86":{"start":{"line":407,"column":12},"end":{"line":407,"column":41}},"87":{"start":{"line":409,"column":2},"end":{"line":478,"column":3}},"88":{"start":{"line":410,"column":19},"end":{"line":410,"column":29}},"89":{"start":{"line":414,"column":19},"end":{"line":428,"column":6}},"90":{"start":{"line":430,"column":4},"end":{"line":436,"column":5}},"91":{"start":{"line":431,"column":6},"end":{"line":431,"column":25}},"92":{"start":{"line":432,"column":6},"end":{"line":435,"column":9}},"93":{"start":{"line":439,"column":4},"end":{"line":445,"column":5}},"94":{"start":{"line":440,"column":6},"end":{"line":440,"column":25}},"95":{"start":{"line":441,"column":6},"end":{"line":444,"column":9}},"96":{"start":{"line":448,"column":4},"end":{"line":452,"column":5}},"97":{"start":{"line":449,"column":23},"end":{"line":449,"column":39}},"98":{"start":{"line":450,"column":6},"end":{"line":450,"column":41}},"99":{"start":{"line":451,"column":6},"end":{"line":451,"column":46}},"100":{"start":{"line":455,"column":4},"end":{"line":455,"column":32}},"101":{"start":{"line":456,"column":4},"end":{"line":456,"column":42}},"102":{"start":{"line":459,"column":4},"end":{"line":459,"column":21}},"103":{"start":{"line":462,"column":4},"end":{"line":468,"column":7}},"104":{"start":{"line":471,"column":4},"end":{"line":471,"column":23}},"105":{"start":{"line":472,"column":4},"end":{"line":472,"column":53}},"106":{"start":{"line":473,"column":4},"end":{"line":477,"column":7}},"107":{"start":{"line":488,"column":22},"end":{"line":546,"column":1}},"108":{"start":{"line":489,"column":2},"end":{"line":545,"column":3}},"109":{"start":{"line":491,"column":59},"end":{"line":491,"column":68}},"110":{"start":{"line":494,"column":18},"end":{"line":494,"column":20}},"111":{"start":{"line":495,"column":4},"end":{"line":495,"column":38}},"112":{"start":{"line":495,"column":16},"end":{"line":495,"column":38}},"113":{"start":{"line":496,"column":4},"end":{"line":496,"column":47}},"114":{"start":{"line":496,"column":19},"end":{"line":496,"column":47}},"115":{"start":{"line":498,"column":19},"end":{"line":498,"column":60}},"116":{"start":{"line":501,"column":37},"end":{"line":522,"column":6}},"117":{"start":{"line":525,"column":4},"end":{"line":536,"column":7}},"118":{"start":{"line":539,"column":4},"end":{"line":539,"column":52}},"119":{"start":{"line":540,"column":4},"end":{"line":544,"column":7}},"120":{"start":{"line":555,"column":31},"end":{"line":612,"column":1}},"121":{"start":{"line":556,"column":2},"end":{"line":611,"column":3}},"122":{"start":{"line":557,"column":19},"end":{"line":557,"column":29}},"123":{"start":{"line":558,"column":23},"end":{"line":558,"column":31}},"124":{"start":{"line":561,"column":27},"end":{"line":561,"column":89}},"125":{"start":{"line":562,"column":4},"end":{"line":568,"column":5}},"126":{"start":{"line":563,"column":6},"end":{"line":567,"column":9}},"127":{"start":{"line":571,"column":19},"end":{"line":571,"column":44}},"128":{"start":{"line":573,"column":4},"end":{"line":578,"column":5}},"129":{"start":{"line":574,"column":6},"end":{"line":577,"column":9}},"130":{"start":{"line":581,"column":4},"end":{"line":581,"column":27}},"131":{"start":{"line":582,"column":4},"end":{"line":582,"column":24}},"132":{"start":{"line":585,"column":4},"end":{"line":593,"column":7}},"133":{"start":{"line":596,"column":4},"end":{"line":602,"column":7}},"134":{"start":{"line":605,"column":4},"end":{"line":605,"column":61}},"135":{"start":{"line":606,"column":4},"end":{"line":610,"column":7}},"136":{"start":{"line":620,"column":31},"end":{"line":683,"column":1}},"137":{"start":{"line":621,"column":2},"end":{"line":682,"column":3}},"138":{"start":{"line":626,"column":28},"end":{"line":626,"column":48}},"139":{"start":{"line":629,"column":25},"end":{"line":629,"column":45}},"140":{"start":{"line":633,"column":29},"end":{"line":640,"column":6}},"141":{"start":{"line":643,"column":26},"end":{"line":643,"column":51}},"142":{"start":{"line":646,"column":16},"end":{"line":646,"column":26}},"143":{"start":{"line":647,"column":4},"end":{"line":647,"column":29}},"144":{"start":{"line":651,"column":23},"end":{"line":655,"column":6}},"145":{"start":{"line":658,"column":4},"end":{"line":673,"column":7}},"146":{"start":{"line":666,"column":53},"end":{"line":671,"column":9}},"147":{"start":{"line":676,"column":4},"end":{"line":676,"column":61}},"148":{"start":{"line":677,"column":4},"end":{"line":681,"column":7}},"149":{"start":{"line":690,"column":22},"end":{"line":729,"column":1}},"150":{"start":{"line":691,"column":2},"end":{"line":728,"column":3}},"151":{"start":{"line":692,"column":19},"end":{"line":692,"column":29}},"152":{"start":{"line":694,"column":19},"end":{"line":694,"column":44}},"153":{"start":{"line":696,"column":4},"end":{"line":701,"column":5}},"154":{"start":{"line":697,"column":6},"end":{"line":700,"column":9}},"155":{"start":{"line":703,"column":4},"end":{"line":708,"column":5}},"156":{"start":{"line":704,"column":6},"end":{"line":707,"column":9}},"157":{"start":{"line":711,"column":4},"end":{"line":711,"column":37}},"158":{"start":{"line":712,"column":4},"end":{"line":712,"column":33}},"159":{"start":{"line":713,"column":4},"end":{"line":713,"column":24}},"160":{"start":{"line":715,"column":4},"end":{"line":719,"column":7}},"161":{"start":{"line":722,"column":4},"end":{"line":722,"column":52}},"162":{"start":{"line":723,"column":4},"end":{"line":727,"column":7}},"163":{"start":{"line":732,"column":0},"end":{"line":744,"column":2}}},"fnMap":{"0":{"name":"(anonymous_0)","decl":{"start":{"line":51,"column":20},"end":{"line":51,"column":21}},"loc":{"start":{"line":51,"column":40},"end":{"line":250,"column":1}},"line":51},"1":{"name":"(anonymous_1)","decl":{"start":{"line":263,"column":22},"end":{"line":263,"column":23}},"loc":{"start":{"line":263,"column":42},"end":{"line":318,"column":1}},"line":263},"2":{"name":"(anonymous_2)","decl":{"start":{"line":326,"column":22},"end":{"line":326,"column":23}},"loc":{"start":{"line":326,"column":42},"end":{"line":394,"column":1}},"line":326},"3":{"name":"(anonymous_3)","decl":{"start":{"line":404,"column":23},"end":{"line":404,"column":24}},"loc":{"start":{"line":404,"column":43},"end":{"line":479,"column":1}},"line":404},"4":{"name":"(anonymous_4)","decl":{"start":{"line":488,"column":22},"end":{"line":488,"column":23}},"loc":{"start":{"line":488,"column":42},"end":{"line":546,"column":1}},"line":488},"5":{"name":"(anonymous_5)","decl":{"start":{"line":555,"column":31},"end":{"line":555,"column":32}},"loc":{"start":{"line":555,"column":51},"end":{"line":612,"column":1}},"line":555},"6":{"name":"(anonymous_6)","decl":{"start":{"line":620,"column":31},"end":{"line":620,"column":32}},"loc":{"start":{"line":620,"column":51},"end":{"line":683,"column":1}},"line":620},"7":{"name":"(anonymous_7)","decl":{"start":{"line":666,"column":47},"end":{"line":666,"column":48}},"loc":{"start":{"line":666,"column":53},"end":{"line":671,"column":9}},"line":666},"8":{"name":"(anonymous_8)","decl":{"start":{"line":690,"column":22},"end":{"line":690,"column":23}},"loc":{"start":{"line":690,"column":42},"end":{"line":729,"column":1}},"line":690}},"branchMap":{"0":{"loc":{"start":{"line":61,"column":38},"end":{"line":61,"column":61}},"type":"default-arg","locations":[{"start":{"line":61,"column":51},"end":{"line":61,"column":61}}],"line":61},"1":{"loc":{"start":{"line":63,"column":26},"end":{"line":63,"column":58}},"type":"binary-expr","locations":[{"start":{"line":63,"column":26},"end":{"line":63,"column":34}},{"start":{"line":63,"column":38},"end":{"line":63,"column":58}}],"line":63},"2":{"loc":{"start":{"line":76,"column":4},"end":{"line":82,"column":5}},"type":"if","locations":[{"start":{"line":76,"column":4},"end":{"line":82,"column":5}},{"start":{},"end":{}}],"line":76},"3":{"loc":{"start":{"line":76,"column":8},"end":{"line":76,"column":53}},"type":"binary-expr","locations":[{"start":{"line":76,"column":8},"end":{"line":76,"column":22}},{"start":{"line":76,"column":26},"end":{"line":76,"column":53}}],"line":76},"4":{"loc":{"start":{"line":87,"column":4},"end":{"line":93,"column":5}},"type":"if","locations":[{"start":{"line":87,"column":4},"end":{"line":93,"column":5}},{"start":{},"end":{}}],"line":87},"5":{"loc":{"start":{"line":109,"column":4},"end":{"line":115,"column":5}},"type":"if","locations":[{"start":{"line":109,"column":4},"end":{"line":115,"column":5}},{"start":{},"end":{}}],"line":109},"6":{"loc":{"start":{"line":127,"column":6},"end":{"line":130,"column":7}},"type":"if","locations":[{"start":{"line":127,"column":6},"end":{"line":130,"column":7}},{"start":{},"end":{}}],"line":127},"7":{"loc":{"start":{"line":133,"column":6},"end":{"line":138,"column":7}},"type":"if","locations":[{"start":{"line":133,"column":6},"end":{"line":138,"column":7}},{"start":{},"end":{}}],"line":133},"8":{"loc":{"start":{"line":145,"column":4},"end":{"line":152,"column":5}},"type":"if","locations":[{"start":{"line":145,"column":4},"end":{"line":152,"column":5}},{"start":{},"end":{}}],"line":145},"9":{"loc":{"start":{"line":226,"column":4},"end":{"line":235,"column":5}},"type":"if","locations":[{"start":{"line":226,"column":4},"end":{"line":235,"column":5}},{"start":{"line":233,"column":11},"end":{"line":235,"column":5}}],"line":226},"10":{"loc":{"start":{"line":227,"column":27},"end":{"line":227,"column":72}},"type":"binary-expr","locations":[{"start":{"line":227,"column":27},"end":{"line":227,"column":54}},{"start":{"line":227,"column":58},"end":{"line":227,"column":72}}],"line":227},"11":{"loc":{"start":{"line":266,"column":20},"end":{"line":266,"column":30}},"type":"default-arg","locations":[{"start":{"line":266,"column":29},"end":{"line":266,"column":30}}],"line":266},"12":{"loc":{"start":{"line":266,"column":32},"end":{"line":266,"column":43}},"type":"default-arg","locations":[{"start":{"line":266,"column":41},"end":{"line":266,"column":43}}],"line":266},"13":{"loc":{"start":{"line":271,"column":4},"end":{"line":271,"column":38}},"type":"if","locations":[{"start":{"line":271,"column":4},"end":{"line":271,"column":38}},{"start":{},"end":{}}],"line":271},"14":{"loc":{"start":{"line":333,"column":4},"end":{"line":335,"column":5}},"type":"if","locations":[{"start":{"line":333,"column":4},"end":{"line":335,"column":5}},{"start":{},"end":{}}],"line":333},"15":{"loc":{"start":{"line":371,"column":4},"end":{"line":376,"column":5}},"type":"if","locations":[{"start":{"line":371,"column":4},"end":{"line":376,"column":5}},{"start":{},"end":{}}],"line":371},"16":{"loc":{"start":{"line":430,"column":4},"end":{"line":436,"column":5}},"type":"if","locations":[{"start":{"line":430,"column":4},"end":{"line":436,"column":5}},{"start":{},"end":{}}],"line":430},"17":{"loc":{"start":{"line":439,"column":4},"end":{"line":445,"column":5}},"type":"if","locations":[{"start":{"line":439,"column":4},"end":{"line":445,"column":5}},{"start":{},"end":{}}],"line":439},"18":{"loc":{"start":{"line":491,"column":31},"end":{"line":491,"column":41}},"type":"default-arg","locations":[{"start":{"line":491,"column":40},"end":{"line":491,"column":41}}],"line":491},"19":{"loc":{"start":{"line":491,"column":43},"end":{"line":491,"column":54}},"type":"default-arg","locations":[{"start":{"line":491,"column":52},"end":{"line":491,"column":54}}],"line":491},"20":{"loc":{"start":{"line":495,"column":4},"end":{"line":495,"column":38}},"type":"if","locations":[{"start":{"line":495,"column":4},"end":{"line":495,"column":38}},{"start":{},"end":{}}],"line":495},"21":{"loc":{"start":{"line":496,"column":4},"end":{"line":496,"column":47}},"type":"if","locations":[{"start":{"line":496,"column":4},"end":{"line":496,"column":47}},{"start":{},"end":{}}],"line":496},"22":{"loc":{"start":{"line":562,"column":4},"end":{"line":568,"column":5}},"type":"if","locations":[{"start":{"line":562,"column":4},"end":{"line":568,"column":5}},{"start":{},"end":{}}],"line":562},"23":{"loc":{"start":{"line":573,"column":4},"end":{"line":578,"column":5}},"type":"if","locations":[{"start":{"line":573,"column":4},"end":{"line":578,"column":5}},{"start":{},"end":{}}],"line":573},"24":{"loc":{"start":{"line":664,"column":34},"end":{"line":664,"column":52}},"type":"binary-expr","locations":[{"start":{"line":664,"column":34},"end":{"line":664,"column":47}},{"start":{"line":664,"column":51},"end":{"line":664,"column":52}}],"line":664},"25":{"loc":{"start":{"line":670,"column":34},"end":{"line":670,"column":68}},"type":"binary-expr","locations":[{"start":{"line":670,"column":34},"end":{"line":670,"column":63}},{"start":{"line":670,"column":67},"end":{"line":670,"column":68}}],"line":670},"26":{"loc":{"start":{"line":696,"column":4},"end":{"line":701,"column":5}},"type":"if","locations":[{"start":{"line":696,"column":4},"end":{"line":701,"column":5}},{"start":{},"end":{}}],"line":696},"27":{"loc":{"start":{"line":703,"column":4},"end":{"line":708,"column":5}},"type":"if","locations":[{"start":{"line":703,"column":4},"end":{"line":708,"column":5}},{"start":{},"end":{}}],"line":703}},"s":{"0":1,"1":1,"2":1,"3":1,"4":1,"5":1,"6":1,"7":1,"8":1,"9":1,"10":1,"11":1,"12":1,"13":1,"14":0,"15":0,"16":1,"17":1,"18":0,"19":0,"20":1,"21":1,"22":0,"23":0,"24":1,"25":1,"26":1,"27":1,"28":1,"29":0,"30":0,"31":1,"32":0,"33":0,"34":1,"35":1,"36":0,"37":0,"38":1,"39":1,"40":1,"41":1,"42":1,"43":1,"44":1,"45":1,"46":0,"47":0,"48":0,"49":0,"50":0,"51":0,"52":0,"53":0,"54":0,"55":0,"56":0,"57":0,"58":1,"59":0,"60":0,"61":1,"62":2,"63":2,"64":2,"65":2,"66":0,"67":2,"68":2,"69":2,"70":0,"71":0,"72":1,"73":0,"74":0,"75":0,"76":0,"77":0,"78":0,"79":0,"80":0,"81":0,"82":0,"83":0,"84":1,"85":0,"86":0,"87":0,"88":0,"89":0,"90":0,"91":0,"92":0,"93":0,"94":0,"95":0,"96":0,"97":0,"98":0,"99":0,"100":0,"101":0,"102":0,"103":0,"104":0,"105":0,"106":0,"107":1,"108":1,"109":1,"110":1,"111":1,"112":0,"113":1,"114":0,"115":1,"116":1,"117":1,"118":0,"119":0,"120":1,"121":0,"122":0,"123":0,"124":0,"125":0,"126":0,"127":0,"128":0,"129":0,"130":0,"131":0,"132":0,"133":0,"134":0,"135":0,"136":1,"137":0,"138":0,"139":0,"140":0,"141":0,"142":0,"143":0,"144":0,"145":0,"146":0,"147":0,"148":0,"149":1,"150":0,"151":0,"152":0,"153":0,"154":0,"155":0,"156":0,"157":0,"158":0,"159":0,"160":0,"161":0,"162":0,"163":1},"f":{"0":1,"1":2,"2":0,"3":0,"4":1,"5":0,"6":0,"7":0,"8":0},"b":{"0":[1],"1":[1,0],"2":[0,1],"3":[1,1],"4":[0,1],"5":[0,1],"6":[0,1],"7":[0,1],"8":[0,1],"9":[0,0],"10":[0,0],"11":[2],"12":[2],"13":[0,2],"14":[0,0],"15":[0,0],"16":[0,0],"17":[0,0],"18":[1],"19":[1],"20":[0,1],"21":[0,1],"22":[0,0],"23":[0,0],"24":[0,0],"25":[0,0],"26":[0,0],"27":[0,0]},"_coverageSchema":"1a1c01bbd47fc00a2c39e90264f33305004495a9","hash":"0f3fdeda7f4dc8ec9970fe7df3bb73b71691855d"}
,"C:\\Users\\ASUS\\Desktop\\MarketCOL\\MarketCOL\\MarketCOL\\backend\\controllers\\producto.controller.js": {"path":"C:\\Users\\ASUS\\Desktop\\MarketCOL\\MarketCOL\\MarketCOL\\backend\\controllers\\producto.controller.js","statementMap":{"0":{"start":{"line":12,"column":17},"end":{"line":12,"column":46}},"1":{"start":{"line":15,"column":18},"end":{"line":15,"column":48}},"2":{"start":{"line":18,"column":21},"end":{"line":18,"column":54}},"3":{"start":{"line":22,"column":11},"end":{"line":22,"column":33}},"4":{"start":{"line":23,"column":23},"end":{"line":23,"column":50}},"5":{"start":{"line":25,"column":26},"end":{"line":33,"column":1}},"6":{"start":{"line":26,"column":19},"end":{"line":26,"column":79}},"7":{"start":{"line":27,"column":2},"end":{"line":27,"column":63}},"8":{"start":{"line":27,"column":51},"end":{"line":27,"column":63}},"9":{"start":{"line":28,"column":2},"end":{"line":28,"column":48}},"10":{"start":{"line":28,"column":36},"end":{"line":28,"column":48}},"11":{"start":{"line":30,"column":18},"end":{"line":30,"column":33}},"12":{"start":{"line":31,"column":2},"end":{"line":31,"column":85}},"13":{"start":{"line":31,"column":73},"end":{"line":31,"column":85}},"14":{"start":{"line":32,"column":2},"end":{"line":32,"column":17}},"15":{"start":{"line":35,"column":25},"end":{"line":39,"column":1}},"16":{"start":{"line":36,"column":19},"end":{"line":36,"column":41}},"17":{"start":{"line":37,"column":15},"end":{"line":37,"column":73}},"18":{"start":{"line":38,"column":2},"end":{"line":38,"column":33}},"19":{"start":{"line":41,"column":26},"end":{"line":63,"column":1}},"20":{"start":{"line":42,"column":2},"end":{"line":42,"column":67}},"21":{"start":{"line":42,"column":55},"end":{"line":42,"column":67}},"22":{"start":{"line":44,"column":18},"end":{"line":44,"column":43}},"23":{"start":{"line":45,"column":2},"end":{"line":45,"column":85}},"24":{"start":{"line":45,"column":73},"end":{"line":45,"column":85}},"25":{"start":{"line":47,"column":2},"end":{"line":49,"column":3}},"26":{"start":{"line":48,"column":4},"end":{"line":48,"column":19}},"27":{"start":{"line":51,"column":18},"end":{"line":51,"column":39}},"28":{"start":{"line":52,"column":25},"end":{"line":52,"column":72}},"29":{"start":{"line":54,"column":2},"end":{"line":56,"column":3}},"30":{"start":{"line":55,"column":4},"end":{"line":55,"column":42}},"31":{"start":{"line":58,"column":2},"end":{"line":60,"column":3}},"32":{"start":{"line":59,"column":4},"end":{"line":59,"column":34}},"33":{"start":{"line":62,"column":2},"end":{"line":62,"column":48}},"34":{"start":{"line":76,"column":21},"end":{"line":159,"column":1}},"35":{"start":{"line":77,"column":2},"end":{"line":158,"column":3}},"36":{"start":{"line":78,"column":4},"end":{"line":78,"column":78}},"37":{"start":{"line":79,"column":4},"end":{"line":79,"column":65}},"38":{"start":{"line":80,"column":4},"end":{"line":80,"column":73}},"39":{"start":{"line":90,"column":8},"end":{"line":90,"column":17}},"40":{"start":{"line":93,"column":18},"end":{"line":93,"column":20}},"41":{"start":{"line":94,"column":4},"end":{"line":94,"column":53}},"42":{"start":{"line":94,"column":21},"end":{"line":94,"column":53}},"43":{"start":{"line":95,"column":4},"end":{"line":95,"column":62}},"44":{"start":{"line":95,"column":24},"end":{"line":95,"column":62}},"45":{"start":{"line":96,"column":4},"end":{"line":96,"column":63}},"46":{"start":{"line":96,"column":30},"end":{"line":96,"column":63}},"47":{"start":{"line":98,"column":4},"end":{"line":98,"column":79}},"48":{"start":{"line":98,"column":29},"end":{"line":98,"column":79}},"49":{"start":{"line":101,"column":4},"end":{"line":109,"column":5}},"50":{"start":{"line":102,"column":21},"end":{"line":102,"column":41}},"51":{"start":{"line":105,"column":6},"end":{"line":108,"column":8}},"52":{"start":{"line":112,"column":19},"end":{"line":112,"column":60}},"53":{"start":{"line":115,"column":21},"end":{"line":132,"column":5}},"54":{"start":{"line":135,"column":39},"end":{"line":135,"column":79}},"55":{"start":{"line":138,"column":4},"end":{"line":149,"column":7}},"56":{"start":{"line":152,"column":4},"end":{"line":152,"column":51}},"57":{"start":{"line":153,"column":4},"end":{"line":157,"column":7}},"58":{"start":{"line":167,"column":24},"end":{"line":212,"column":1}},"59":{"start":{"line":168,"column":2},"end":{"line":211,"column":3}},"60":{"start":{"line":169,"column":19},"end":{"line":169,"column":29}},"61":{"start":{"line":173,"column":21},"end":{"line":186,"column":6}},"62":{"start":{"line":189,"column":4},"end":{"line":194,"column":5}},"63":{"start":{"line":190,"column":6},"end":{"line":193,"column":9}},"64":{"start":{"line":197,"column":4},"end":{"line":202,"column":7}},"65":{"start":{"line":205,"column":4},"end":{"line":205,"column":54}},"66":{"start":{"line":206,"column":4},"end":{"line":210,"column":7}},"67":{"start":{"line":223,"column":22},"end":{"line":350,"column":1}},"68":{"start":{"line":224,"column":2},"end":{"line":349,"column":3}},"69":{"start":{"line":227,"column":80},"end":{"line":227,"column":88}},"70":{"start":{"line":230,"column":4},"end":{"line":235,"column":5}},"71":{"start":{"line":231,"column":6},"end":{"line":234,"column":9}},"72":{"start":{"line":238,"column":22},"end":{"line":238,"column":59}},"73":{"start":{"line":239,"column":4},"end":{"line":244,"column":5}},"74":{"start":{"line":240,"column":6},"end":{"line":243,"column":9}},"75":{"start":{"line":245,"column":4},"end":{"line":250,"column":5}},"76":{"start":{"line":246,"column":6},"end":{"line":249,"column":9}},"77":{"start":{"line":253,"column":25},"end":{"line":253,"column":68}},"78":{"start":{"line":254,"column":4},"end":{"line":259,"column":5}},"79":{"start":{"line":255,"column":6},"end":{"line":258,"column":9}},"80":{"start":{"line":260,"column":4},"end":{"line":265,"column":5}},"81":{"start":{"line":261,"column":6},"end":{"line":264,"column":9}},"82":{"start":{"line":267,"column":4},"end":{"line":272,"column":5}},"83":{"start":{"line":268,"column":6},"end":{"line":271,"column":9}},"84":{"start":{"line":275,"column":4},"end":{"line":280,"column":5}},"85":{"start":{"line":276,"column":6},"end":{"line":279,"column":9}},"86":{"start":{"line":282,"column":4},"end":{"line":287,"column":5}},"87":{"start":{"line":283,"column":6},"end":{"line":286,"column":9}},"88":{"start":{"line":292,"column":19},"end":{"line":294,"column":59}},"89":{"start":{"line":295,"column":4},"end":{"line":295,"column":60}},"90":{"start":{"line":298,"column":26},"end":{"line":307,"column":6}},"91":{"start":{"line":310,"column":4},"end":{"line":315,"column":7}},"92":{"start":{"line":318,"column":4},"end":{"line":324,"column":7}},"93":{"start":{"line":327,"column":4},"end":{"line":327,"column":52}},"94":{"start":{"line":331,"column":4},"end":{"line":333,"column":5}},"95":{"start":{"line":332,"column":6},"end":{"line":332,"column":36}},"96":{"start":{"line":336,"column":4},"end":{"line":342,"column":5}},"97":{"start":{"line":337,"column":6},"end":{"line":341,"column":9}},"98":{"start":{"line":340,"column":38},"end":{"line":340,"column":47}},"99":{"start":{"line":344,"column":4},"end":{"line":348,"column":7}},"100":{"start":{"line":360,"column":27},"end":{"line":493,"column":1}},"101":{"start":{"line":361,"column":2},"end":{"line":492,"column":3}},"102":{"start":{"line":362,"column":4},"end":{"line":362,"column":83}},"103":{"start":{"line":363,"column":4},"end":{"line":363,"column":70}},"104":{"start":{"line":364,"column":4},"end":{"line":364,"column":78}},"105":{"start":{"line":365,"column":19},"end":{"line":365,"column":29}},"106":{"start":{"line":366,"column":88},"end":{"line":366,"column":96}},"107":{"start":{"line":369,"column":21},"end":{"line":369,"column":48}},"108":{"start":{"line":371,"column":4},"end":{"line":376,"column":5}},"109":{"start":{"line":372,"column":6},"end":{"line":375,"column":9}},"110":{"start":{"line":379,"column":4},"end":{"line":387,"column":5}},"111":{"start":{"line":380,"column":24},"end":{"line":380,"column":61}},"112":{"start":{"line":381,"column":6},"end":{"line":386,"column":7}},"113":{"start":{"line":382,"column":8},"end":{"line":385,"column":11}},"114":{"start":{"line":391,"column":4},"end":{"line":408,"column":5}},"115":{"start":{"line":392,"column":27},"end":{"line":392,"column":70}},"116":{"start":{"line":393,"column":6},"end":{"line":398,"column":7}},"117":{"start":{"line":394,"column":8},"end":{"line":397,"column":11}},"118":{"start":{"line":401,"column":20},"end":{"line":401,"column":55}},"119":{"start":{"line":402,"column":6},"end":{"line":407,"column":7}},"120":{"start":{"line":403,"column":8},"end":{"line":406,"column":11}},"121":{"start":{"line":411,"column":4},"end":{"line":416,"column":5}},"122":{"start":{"line":412,"column":6},"end":{"line":415,"column":9}},"123":{"start":{"line":417,"column":4},"end":{"line":422,"column":5}},"124":{"start":{"line":418,"column":6},"end":{"line":421,"column":9}},"125":{"start":{"line":425,"column":4},"end":{"line":437,"column":5}},"126":{"start":{"line":427,"column":6},"end":{"line":429,"column":7}},"127":{"start":{"line":428,"column":8},"end":{"line":428,"column":36}},"128":{"start":{"line":430,"column":6},"end":{"line":430,"column":66}},"129":{"start":{"line":431,"column":11},"end":{"line":437,"column":5}},"130":{"start":{"line":435,"column":6},"end":{"line":435,"column":76}},"131":{"start":{"line":436,"column":6},"end":{"line":436,"column":77}},"132":{"start":{"line":440,"column":4},"end":{"line":440,"column":55}},"133":{"start":{"line":
[...]
:156,"column":40}},"34":{"start":{"line":159,"column":22},"end":{"line":161,"column":8}},"35":{"start":{"line":164,"column":6},"end":{"line":168,"column":7}},"36":{"start":{"line":165,"column":8},"end":{"line":165,"column":30}},"37":{"start":{"line":167,"column":8},"end":{"line":167,"column":27}},"38":{"start":{"line":171,"column":6},"end":{"line":171,"column":25}},"39":{"start":{"line":175,"column":4},"end":{"line":175,"column":11}},"40":{"start":{"line":179,"column":4},"end":{"line":179,"column":75}},"41":{"start":{"line":180,"column":4},"end":{"line":180,"column":23}},"42":{"start":{"line":181,"column":4},"end":{"line":181,"column":11}},"43":{"start":{"line":188,"column":0},"end":{"line":191,"column":2}}},"fnMap":{"0":{"name":"(anonymous_0)","decl":{"start":{"line":36,"column":22},"end":{"line":36,"column":23}},"loc":{"start":{"line":36,"column":48},"end":{"line":118,"column":1}},"line":36},"1":{"name":"(anonymous_1)","decl":{"start":{"line":134,"column":30},"end":{"line":134,"column":31}},"loc":{"start":{"line":134,"column":56},"end":{"line":183,"column":1}},"line":134}},"branchMap":{"0":{"loc":{"start":{"line":43,"column":4},"end":{"line":48,"column":5}},"type":"if","locations":[{"start":{"line":43,"column":4},"end":{"line":48,"column":5}},{"start":{},"end":{}}],"line":43},"1":{"loc":{"start":{"line":55,"column":4},"end":{"line":60,"column":5}},"type":"if","locations":[{"start":{"line":55,"column":4},"end":{"line":60,"column":5}},{"start":{},"end":{}}],"line":55},"2":{"loc":{"start":{"line":84,"column":4},"end":{"line":89,"column":5}},"type":"if","locations":[{"start":{"line":84,"column":4},"end":{"line":89,"column":5}},{"start":{},"end":{}}],"line":84},"3":{"loc":{"start":{"line":93,"column":4},"end":{"line":98,"column":5}},"type":"if","locations":[{"start":{"line":93,"column":4},"end":{"line":98,"column":5}},{"start":{},"end":{}}],"line":93},"4":{"loc":{"start":{"line":140,"column":4},"end":{"line":143,"column":5}},"type":"if","locations":[{"start":{"line":140,"column":4},"end":{"line":143,"column":5}},{"start":{},"end":{}}],"line":140},"5":{"loc":{"start":{"line":149,"column":4},"end":{"line":152,"column":5}},"type":"if","locations":[{"start":{"line":149,"column":4},"end":{"line":152,"column":5}},{"start":{},"end":{}}],"line":149},"6":{"loc":{"start":{"line":164,"column":6},"end":{"line":168,"column":7}},"type":"if","locations":[{"start":{"line":164,"column":6},"end":{"line":168,"column":7}},{"start":{"line":166,"column":13},"end":{"line":168,"column":7}}],"line":164},"7":{"loc":{"start":{"line":164,"column":10},"end":{"line":164,"column":35}},"type":"binary-expr","locations":[{"start":{"line":164,"column":10},"end":{"line":164,"column":17}},{"start":{"line":164,"column":21},"end":{"line":164,"column":35}}],"line":164}},"s":{"0":1,"1":1,"2":1,"3":33,"4":33,"5":33,"6":1,"7":32,"8":32,"9":0,"10":32,"11":32,"12":0,"13":32,"14":32,"15":0,"16":32,"17":0,"18":32,"19":32,"20":0,"21":0,"22":1,"23":0,"24":0,"25":0,"26":0,"27":0,"28":0,"29":0,"30":0,"31":0,"32":0,"33":0,"34":0,"35":0,"36":0,"37":0,"38":0,"39":0,"40":0,"41":0,"42":0,"43":1},"f":{"0":33,"1":0},"b":{"0":[1,32],"1":[0,32],"2":[0,32],"3":[0,32],"4":[0,0],"5":[0,0],"6":[0,0],"7":[0,0]},"_coverageSchema":"1a1c01bbd47fc00a2c39e90264f33305004495a9","hash":"048384a0c0ed23a10b8b075ecc58bcb097ca4a17"}
,"C:\\Users\\ASUS\\Desktop\\MarketCOL\\MarketCOL\\MarketCOL\\backend\\middleware\\checkRole.js": {"path":"C:\\Users\\ASUS\\Desktop\\MarketCOL\\MarketCOL\\MarketCOL\\backend\\middleware\\checkRole.js","statementMap":{"0":{"start":{"line":27,"column":24},"end":{"line":58,"column":1}},"1":{"start":{"line":28,"column":2},"end":{"line":57,"column":3}},"2":{"start":{"line":31,"column":4},"end":{"line":36,"column":5}},"3":{"start":{"line":32,"column":6},"end":{"line":35,"column":9}},"4":{"start":{"line":40,"column":4},"end":{"line":45,"column":5}},"5":{"start":{"line":41,"column":6},"end":{"line":44,"column":9}},"6":{"start":{"line":48,"column":4},"end":{"line":48,"column":11}},"7":{"start":{"line":51,"column":4},"end":{"line":51,"column":65}},"8":{"start":{"line":52,"column":4},"end":{"line":56,"column":7}},"9":{"start":{"line":69,"column":18},"end":{"line":98,"column":1}},"10":{"start":{"line":70,"column":2},"end":{"line":97,"column":3}},"11":{"start":{"line":72,"column":4},"end":{"line":77,"column":5}},"12":{"start":{"line":73,"column":6},"end":{"line":76,"column":9}},"13":{"start":{"line":80,"column":4},"end":{"line":85,"column":5}},"14":{"start":{"line":81,"column":6},"end":{"line":84,"column":9}},"15":{"start":{"line":88,"column":4},"end":{"line":88,"column":11}},"16":{"start":{"line":91,"column":4},"end":{"line":91,"column":59}},"17":{"start":{"line":92,"column":4},"end":{"line":96,"column":7}},"18":{"start":{"line":114,"column":17},"end":{"line":149,"column":1}},"19":{"start":{"line":117,"column":2},"end":{"line":148,"column":4}},"20":{"start":{"line":118,"column":4},"end":{"line":147,"column":5}},"21":{"start":{"line":120,"column":6},"end":{"line":125,"column":7}},"22":{"start":{"line":121,"column":8},"end":{"line":124,"column":11}},"23":{"start":{"line":129,"column":6},"end":{"line":135,"column":7}},"24":{"start":{"line":130,"column":8},"end":{"line":134,"column":11}},"25":{"start":{"line":138,"column":6},"end":{"line":138,"column":13}},"26":{"start":{"line":141,"column":6},"end":{"line":141,"column":60}},"27":{"start":{"line":142,"column":6},"end":{"line":146,"column":9}},"28":{"start":{"line":160,"column":30},"end":{"line":199,"column":1}},"29":{"start":{"line":161,"column":2},"end":{"line":198,"column":3}},"30":{"start":{"line":163,"column":4},"end":{"line":168,"column":5}},"31":{"start":{"line":164,"column":6},"end":{"line":167,"column":9}},"32":{"start":{"line":171,"column":4},"end":{"line":173,"column":5}},"33":{"start":{"line":172,"column":6},"end":{"line":172,"column":20}},"34":{"start":{"line":177,"column":27},"end":{"line":177,"column":64}},"35":{"start":{"line":181,"column":4},"end":{"line":186,"column":5}},"36":{"start":{"line":182,"column":6},"end":{"line":185,"column":9}},"37":{"start":{"line":189,"column":4},"end":{"line":189,"column":11}},"38":{"start":{"line":192,"column":4},"end":{"line":192,"column":71}},"39":{"start":{"line":193,"column":4},"end":{"line":197,"column":7}},"40":{"start":{"line":210,"column":25},"end":{"line":238,"column":1}},"41":{"start":{"line":211,"column":2},"end":{"line":237,"column":3}},"42":{"start":{"line":213,"column":4},"end":{"line":218,"column":5}},"43":{"start":{"line":214,"column":6},"end":{"line":217,"column":9}},"44":{"start":{"line":221,"column":4},"end":{"line":226,"column":5}},"45":{"start":{"line":222,"column":6},"end":{"line":225,"column":9}},"46":{"start":{"line":229,"column":4},"end":{"line":229,"column":11}},"47":{"start":{"line":231,"column":4},"end":{"line":231,"column":66}},"48":{"start":{"line":232,"column":4},"end":{"line":236,"column":7}},"49":{"start":{"line":250,"column":26},"end":{"line":278,"column":1}},"50":{"start":{"line":251,"column":2},"end":{"line":277,"column":3}},"51":{"start":{"line":253,"column":4},"end":{"line":258,"column":5}},"52":{"start":{"line":254,"column":6},"end":{"line":257,"column":9}},"53":{"start":{"line":261,"column":4},"end":{"line":266,"column":5}},"54":{"start":{"line":262,"column":6},"end":{"line":265,"column":9}},"55":{"start":{"line":269,"column":4},"end":{"line":269,"column":11}},"56":{"start":{"line":271,"column":4},"end":{"line":271,"column":67}},"57":{"start":{"line":272,"column":4},"end":{"line":276,"column":7}},"58":{"start":{"line":281,"column":0},"end":{"line":288,"column":2}}},"fnMap":{"0":{"name":"(anonymous_0)","decl":{"start":{"line":27,"column":24},"end":{"line":27,"column":25}},"loc":{"start":{"line":27,"column":44},"end":{"line":58,"column":1}},"line":27},"1":{"name":"(anonymous_1)","decl":{"start":{"line":69,"column":18},"end":{"line":69,"column":19}},"loc":{"start":{"line":69,"column":38},"end":{"line":98,"column":1}},"line":69},"2":{"name":"(anonymous_2)","decl":{"start":{"line":114,"column":17},"end":{"line":114,"column":18}},"loc":{"start":{"line":114,"column":38},"end":{"line":149,"column":1}},"line":114},"3":{"name":"(anonymous_3)","decl":{"start":{"line":117,"column":9},"end":{"line":117,"column":10}},"loc":{"start":{"line":117,"column":29},"end":{"line":148,"column":3}},"line":117},"4":{"name":"(anonymous_4)","decl":{"start":{"line":160,"column":30},"end":{"line":160,"column":31}},"loc":{"start":{"line":160,"column":50},"end":{"line":199,"column":1}},"line":160},"5":{"name":"(anonymous_5)","decl":{"start":{"line":210,"column":25},"end":{"line":210,"column":26}},"loc":{"start":{"line":210,"column":45},"end":{"line":238,"column":1}},"line":210},"6":{"name":"(anonymous_6)","decl":{"start":{"line":250,"column":26},"end":{"line":250,"column":27}},"loc":{"start":{"line":250,"column":46},"end":{"line":278,"column":1}},"line":250}},"branchMap":{"0":{"loc":{"start":{"line":31,"column":4},"end":{"line":36,"column":5}},"type":"if","locations":[{"start":{"line":31,"column":4},"end":{"line":36,"column":5}},{"start":{},"end":{}}],"line":31},"1":{"loc":{"start":{"line":40,"column":4},"end":{"line":45,"column":5}},"type":"if","locations":[{"start":{"line":40,"column":4},"end":{"line":45,"column":5}},{"start":{},"end":{}}],"line":40},"2":{"loc":{"start":{"line":72,"column":4},"end":{"line":77,"column":5}},"type":"if","locations":[{"start":{"line":72,"column":4},"end":{"line":77,"column":5}},{"start":{},"end":{}}],"line":72},"3":{"loc":{"start":{"line":80,"column":4},"end":{"line":85,"column":5}},"type":"if","locations":[{"start":{"line":80,"column":4},"end":{"line":85,"column":5}},{"start":{},"end":{}}],"line":80},"4":{"loc":{"start":{"line":120,"column":6},"end":{"line":125,"column":7}},"type":"if","locations":[{"start":{"line":120,"column":6},"end":{"line":125,"column":7}},{"start":{},"end":{}}],"line":120},"5":{"loc":{"start":{"line":129,"column":6},"end":{"line":135,"column":7}},"type":"if","locations":[{"start":{"line":129,"column":6},"end":{"line":135,"column":7}},{"start":{},"end":{}}],"line":129},"6":{"loc":{"start":{"line":163,"column":4},"end":{"line":168,"column":5}},"type":"if","locations":[{"start":{"line":163,"column":4},"end":{"line":168,"column":5}},{"start":{},"end":{}}],"line":163},"7":{"loc":{"start":{"line":171,"column":4},"end":{"line":173,"column":5}},"type":"if","locations":[{"start":{"line":171,"column":4},"end":{"line":173,"column":5}},{"start":{},"end":{}}],"line":171},"8":{"loc":{"start":{"line":177,"column":27},"end":{"line":177,"column":64}},"type":"binary-expr","locations":[{"start":{"line":177,"column":27},"end":{"line":177,"column":47}},{"start":{"line":177,"column":51},"end":{"line":177,"column":64}}],"line":177},"9":{"loc":{"start":{"line":181,"column":4},"end":{"line":186,"column":5}},"type":"if","locations":[{"start":{"line":181,"column":4},"end":{"line":186,"column":5}},{"start":{},"end":{}}],"line":181},"10":{"loc":{"start":{"line":213,"column":4},"end":{"line":218,"column":5}},"type":"if","locations":[{"start":{"line":213,"column":4},"end":{"line":218,"column":5}},{"start":{},"end":{}}],"line":213},"11":{"loc":{"start":{"line":221,"column":4},"end":{"line":226,"column":5}},"type":"if","locations":[{"start":{"line":221,"column":4},"end":{"line":226,"column":5}},{"start":{},"end":{}}],"line":221},"12":{"loc":{"start":{"line":253,"column":4},"end":{"line":258,"column":5}},"type":"if","locations":[{"start":{"line":253,"column":4},"end":{"line":258,"column":5}},{"start":{},"end":{}}],"line":253},"13":{"loc":{"start":{"line":261,"column":4},"end":{"line":266,"column":5}},"type":"if","locations":[{"start":{"line":261,"column":4},"end":{"line":266,"column":5}},{"start":{},"end":{}}],"line":261}},"s":{"0":1,"1":0,"2":0,"3":0,"4":0,"5":0,"6":0,"7":0,"8":0,"9":1,"10":0,"11":0,"12":0,"13":0,"14":0,"15":0,"16":0,"17":0,"18":1,"19":0,"20":0,"21":0,"22":0,"23":0,"24":0,"25":0,"26":0,"27":0,"28":1,"29":0,"30":0,"31":0,"32":0,"33":0,"34":0,"35":0,"36":0,"37":0,"38":0,"39":0,"40":1,"41":26,"42":26,"43":0,"44":26,"45":2,"46":24,"47":0,"48":0,"49":1,"50":8,"51":8,"52":0,"53":8,"54":6,"55":2,"56":0,"57":0,"58":1},"f":{"0":0,"1":0,"2":0,"3":0,"4":0,"5":26,"6":8},"b":{"0":[0,0],"1":[0,0],"2":[0,0],"3":[0,0],"4":[0,0],"5":[0,0],"6":[0,0],"7":[0,0],"8":[0,0],"9":[0,0],"10":[0,26],"11":[2,24],"12":[0,8],"13":[6,2]},"_coverageSchema":"1a1c01bbd47fc00a2c39e90264f33305004495a9","hash":"df797615f1a1bb0d864c58de64d790805a29b3b1"}
,"C:\\Users\\ASUS\\Desktop\\MarketCOL\\MarketCOL\\MarketCOL\\backend\\routes\\admin.routes.js": {"path":"C:\\Users\\ASUS\\Desktop\\MarketCOL\\MarketCOL\\MarketCOL\\backend\\routes\\admin.routes.js","statementMap":{"0":{"start":{"line":22,"column":16},"end":{"line":22,"column":34}},"1":{"start":{"line":27,"column":15},"end":{"line":27,"column":31}},"2":{"start":{"line":36,"column":26},"end":{"line":36,"column":55}},"3":{"start":{"line":42,"column":65},"end":{"line":42,"column":99}},"4":{"start":{"line":47,"column":19},"end":{"line":47,"column":46}},"5":{"start":{"line":57,"column":28},"end":{"line":57,"column":74}},"6":{"start":{"line":61,"column":31},"end":{"line":61,"column":80}},"7":{"start":{"line":65,"column":27},"end":{"line":65,"column":72}},"8":{"start":{"line":69,"column":26},"end":{"line":69,"column":70}},"9":{"start":{"line":73,"column":25},"end":{"line":73,"column":68}},"10":{"start":{"line":82,"column":0},"end":{"line":82,"column":44}},"11":{"start":{"line":91,"column":0},"end":{"line":91,"column":61}},"12":{"start":{"line":96,"column":0},"end":{"line":96,"column":68}},"13":{"start":{"line":101,"column":0},"end":{"line":101,"column":82}},"14":{"start":{"line":106,"column":0},"end":{"line":106,"column":63}},"15":{"start":{"line":111,"column":0},"end":{"line":111,"column":71}},"16":{"start":{"line":117,"column":0},"end":{"line":117,"column":76}},"17":{"start":{"line":123,"column":0},"end":{"line":123,"column":91}},"18":{"start":{"line":132,"column":0},"end":{"line":132,"column":70}},"19":{"start":{"line":136,"column":0},"end":{"line":136,"column":77}},"20":{"start":{"line":140,"column":0},"end":{"line":140,"column":91}},"21":{"start":{"line":145,"column":0},"end":{"line":145,"column":72}},"22":{"start":{"line":150,"column":0},"end":{"line":150,"column":80}},"23":{"start":{"line":155,"column":0},"end":{"line":155,"column":85}},"24":{"start":{"line":160,"column":0},"end":{"line":160,"column":100}},"25":{"start":{"line":169,"column":0},"end":{"line":169,"column":58}},"26":{"start":{"line":173,"column":0},"end":{"line":173,"column":65}},"27":{"start":{"line":181,"column":0},"end":{"line":181,"column":85}},"28":{"start":{"line":186,"column":0},"end":{"line":186,"column":93}},"29":{"start":{"line":190,"column":0},"end":{"line":190,"column":73}},"30":{"start":{"line":195,"column":0},"end":{"line":195,"column":73}},"31":{"start":{"line":200,"column":0},"end":{"line":200,"column":88}},"32":{"start":{"line":210,"column":0},"end":{"line":210,"column":73}},"33":{"start":{"line":215,"column":0},"end":{"line":215,"column":55}},"34":{"start":{"line":219,"column":0},"end":{"line":219,"column":62}},"35":{"start":{"line":225,"column":0},"end":{"line":225,"column":76}},"36":{"start":{"line":231,"column":0},"end":{"line":231,"column":84}},"37":{"start":{"line":236,"column":0},"end":{"line":236,"column":89}},"38":{"start":{"line":241,"column":0},"end":{"line":241,"column":85}},"39":{"start":{"line":248,"column":0},"end":{"line":251,"column":2}},"40":{"start":{"line":256,"column":0},"end":{"line":256,"column":77}},"41":{"start":{"line":261,"column":0},"end":{"line":261,"column":55}},"42":{"start":{"line":265,"column":0},"end":{"line":265,"column":59}},"43":{"start":{"line":270,"column":0},"end":{"line":270,"column":75}},"44":{"start":{"line":272,"column":28},"end":{"line":272,"column":74}},"45":{"start":{"line":274,"column":0},"end":{"line":274,"column":63}},"46":{"start":{"line":275,"column":0},"end":{"line":275,"column":69}},"47":{"start":{"line":276,"column":0},"end":{"line":276,"column":83}},"48":{"start":{"line":277,"column":0},"end":{"line":277,"column":91}},"49":{"start":{"line":278,"column":0},"end":{"line":278,"column":96}},"50":{"start":{"line":279,"column":0},"end":{"line":279,"column":92}},"51":{"start":{"line":287,"column":0},"end":{"line":287,"column":24}}},"fnMap":{},"branchMap":{},"s":{"0":1,"1":1,"2":1,"3":1,"4":1,"5":1,"6":1,"7":1,"8":1,"9":1,"10":1,"11":1,"12":1,"13":1,"14":1,"15":1,"16":1,"17":1,"18":1,"19":1,"20":1,"21":1,"22":1,"23":1,"24":1,"25":1,"26":1,"27":1,"28":1,"29":1,"30":1,"31":1,"32":1,"33":1,"34":1,"35":1,"36":1,"37":1,"38":1,"39":1,"40":1,"41":1,"42":1,"43":1,"44":1,"45":1,"46":1,"47":1,"48":1,"49":1,"50":1,"51":1},"f":{},"b":{},"_coverageSchema":"1a1c01bbd47fc00a2c39e90264f33305004495a9","hash":"c0ffcf6db4c178e07b936e43e9a9721af7b2987b"}
,"C:\\Users\\ASUS\\Desktop\\MarketCOL\\MarketCOL\\MarketCOL\\backend\\routes\\auth.routes.js": {"path":"C:\\Users\\ASUS\\Desktop\\MarketCOL\\MarketCOL\\MarketCOL\\backend\\routes\\auth.routes.js","statementMap":{"0":{"start":{"line":26,"column":16},"end":{"line":26,"column":34}},"1":{"start":{"line":29,"column":17},"end":{"line":29,"column":45}},"2":{"start":{"line":34,"column":15},"end":{"line":34,"column":31}},"3":{"start":{"line":47,"column":4},"end":{"line":47,"column":45}},"4":{"start":{"line":56,"column":26},"end":{"line":56,"column":55}},"5":{"start":{"line":79,"column":0},"end":{"line":82,"column":2}},"6":{"start":{"line":99,"column":0},"end":{"line":99,"column":29}},"7":{"start":{"line":115,"column":0},"end":{"line":115,"column":40}},"8":{"start":{"line":129,"column":0},"end":{"line":129,"column":43}},"9":{"start":{"line":144,"column":0},"end":{"line":144,"column":62}},"10":{"start":{"line":152,"column":0},"end":{"line":152,"column":24}}},"fnMap":{},"branchMap":{},"s":{"0":1,"1":1,"2":1,"3":1,"4":1,"5":1,"6":1,"7":1,"8":1,"9":1,"10":1},"f":{},"b":{},"_coverageSchema":"1a1c01bbd47fc00a2c39e90264f33305004495a9","hash":"3f544f0ccb89f5c24e268c5e8540db30f2ffadf3"}
,"C:\\Users\\ASUS\\Desktop\\MarketCOL\\MarketCOL\\MarketCOL\\backend\\routes\\cliente.routes.js": {"path":"C:\\Users\\ASUS\\Desktop\\MarketCOL\\MarketCOL\\MarketCOL\\backend\\routes\\cliente.routes.js","statementMap":{"0":{"start":{"line":24,"column":16},"end":{"line":24,"column":34}},"1":{"start":{"line":29,"column":15},"end":{"line":29,"column":31}},"2":{"start":{"line":39,"column":26},"end":{"line":39,"column":55}},"3":{"start":{"line":44,"column":22},"end":{"line":44,"column":56}},"4":{"start":{"line":53,"column":27},"end":{"line":53,"column":72}},"5":{"start":{"line":58,"column":26},"end":{"line":58,"column":70}},"6":{"start":{"line":63,"column":25},"end":{"line":63,"column":68}},"7":{"start":{"line":75,"column":0},"end":{"line":75,"column":67}},"8":{"start":{"line":81,"column":0},"end":{"line":81,"column":74}},"9":{"start":{"line":86,"column":0},"end":{"line":86,"column":69}},"10":{"start":{"line":92,"column":0},"end":{"line":92,"column":102}},"11":{"start":{"line":97,"column":0},"end":{"line":97,"column":78}},"12":{"start":{"line":109,"column":0},"end":{"line":109,"column":76}},"13":{"start":{"line":116,"column":0},"end":{"line":116,"column":83}},"14":{"start":{"line":123,"column":0},"end":{"line":123,"column":91}},"15":{"start":{"line":129,"column":0},"end":{"line":129,"column":92}},"16":{"start":{"line":135,"column":0},"end":{"line":135,"column":82}},"17":{"start":{"line":153,"column":0},"end":{"line":153,"column":77}},"18":{"start":{"line":159,"column":0},"end":{"line":159,"column":78}},"19":{"start":{"line":166,"column":0},"end":{"line":166,"column":82}},"20":{"start":{"line":174,"column":0},"end":{"line":174,"column":92}},"21":{"start":{"line":182,"column":0},"end":{"line":182,"column":24}}},"fnMap":{},"branchMap":{},"s":{"0":1,"1":1,"2":1,"3":1,"4":1,"5":1,"6":1,"7":1,"8":1,"9":1,"10":1,"11":1,"12":1,"13":1,"14":1,"15":1,"16":1,"17":1,"18":1,"19":1,"20":1,"21":1},"f":{},"b":{},"_coverageSchema":"1a1c01bbd47fc00a2c39e90264f33305004495a9","hash":"81abcacc24aab559a4ca66b2be4dabe10b7650f7"}
}
