TN:
SF:controllers\auth.controller.js
FN:27,(anonymous_0)
FN:139,(anonymous_1)
FN:234,(anonymous_2)
FN:282,(anonymous_3)
FN:341,(anonymous_4)
FNF:5
FNH:3
FNDA:1,(anonymous_0)
FNDA:4,(anonymous_1)
FNDA:1,(anonymous_2)
FNDA:0,(anonymous_3)
FNDA:0,(anonymous_4)
DA:12,1
DA:16,1
DA:27,1
DA:28,1
DA:31,1
DA:35,1
DA:39,0
DA:47,1
DA:49,1
DA:50,0
DA:58,1
DA:59,0
DA:68,1
DA:71,1
DA:72,0
DA:82,1
DA:95,1
DA:103,1
DA:104,1
DA:108,1
DA:120,0
DA:122,0
DA:139,1
DA:140,4
DA:142,4
DA:145,4
DA:146,0
DA:156,4
DA:161,4
DA:165,1
DA:173,3
DA:174,0
DA:184,3
DA:187,3
DA:188,0
DA:195,3
DA:202,3
DA:203,3
DA:206,3
DA:216,0
DA:217,0
DA:234,1
DA:235,1
DA:240,1
DA:247,1
DA:248,0
DA:255,1
DA:263,0
DA:264,0
DA:282,1
DA:283,0
DA:286,0
DA:289,0
DA:291,0
DA:292,0
DA:301,0
DA:302,0
DA:303,0
DA:304,0
DA:308,0
DA:313,0
DA:322,0
DA:323,0
DA:341,1
DA:342,0
DA:344,0
DA:347,0
DA:348,0
DA:355,0
DA:356,0
DA:364,0
DA:366,0
DA:367,0
DA:375,0
DA:377,0
DA:378,0
DA:387,0
DA:388,0
DA:391,0
DA:397,0
DA:398,0
DA:409,1
LF:82
LH:38
BRDA:35,0,0,0
BRDA:35,0,1,1
BRDA:35,1,0,1
BRDA:35,1,1,1
BRDA:35,1,2,1
BRDA:35,1,3,1
BRDA:35,1,4,1
BRDA:49,2,0,0
BRDA:49,2,1,1
BRDA:58,3,0,0
BRDA:58,3,1,1
BRDA:71,4,0,0
BRDA:71,4,1,1
BRDA:88,5,0,1
BRDA:88,5,1,0
BRDA:89,6,0,1
BRDA:89,6,1,0
BRDA:145,7,0,0
BRDA:145,7,1,4
BRDA:145,8,0,4
BRDA:145,8,1,4
BRDA:161,9,0,1
BRDA:161,9,1,3
BRDA:173,10,0,0
BRDA:173,10,1,3
BRDA:187,11,0,0
BRDA:187,11,1,3
BRDA:247,12,0,0
BRDA:247,12,1,1
BRDA:291,13,0,0
BRDA:291,13,1,0
BRDA:301,14,0,0
BRDA:301,14,1,0
BRDA:302,15,0,0
BRDA:302,15,1,0
BRDA:303,16,0,0
BRDA:303,16,1,0
BRDA:304,17,0,0
BRDA:304,17,1,0
BRDA:347,18,0,0
BRDA:347,18,1,0
BRDA:347,19,0,0
BRDA:347,19,1,0
BRDA:355,20,0,0
BRDA:355,20,1,0
BRDA:366,21,0,0
BRDA:366,21,1,0
BRDA:377,22,0,0
BRDA:377,22,1,0
BRF:49
BRH:19
end_of_record
TN:
SF:controllers\carrito.controller.js
FN:32,(anonymous_0)
FN:71,(anonymous_1)
FN:85,(anonymous_2)
FN:109,(anonymous_3)
FN:251,(anonymous_4)
FN:328,(anonymous_5)
FN:373,(anonymous_6)
FNF:7
FNH:4
FNDA:1,(anonymous_0)
FNDA:1,(anonymous_1)
FNDA:1,(anonymous_2)
FNDA:1,(anonymous_3)
FNDA:0,(anonymous_4)
FNDA:0,(anonymous_5)
FNDA:0,(anonymous_6)
DA:12,1
DA:16,1
DA:20,1
DA:24,1
DA:32,1
DA:33,1
DA:36,1
DA:69,1
DA:71,1
DA:73,1
DA:77,1
DA:85,1
DA:93,0
DA:94,0
DA:109,1
DA:110,1
DA:113,1
DA:116,1
DA:117,0
DA:125,1
DA:126,1
DA:127,0
DA:135,1
DA:138,1
DA:139,0
DA:146,1
DA:147,0
DA:155,1
DA:163,1
DA:165,0
DA:168,0
DA:169,0
DA:176,0
DA:177,0
DA:181,0
DA:190,0
DA:200,1
DA:201,0
DA:209,1
DA:217,1
DA:226,1
DA:235,0
DA:236,0
DA:251,1
DA:252,0
DA:255,0
DA:257,0
DA:260,0
DA:261,0
DA:262,0
DA:270,0
DA:284,0
DA:285,0
DA:292,0
DA:293,0
DA:300,0
DA:301,0
DA:304,0
DA:313,0
DA:314,0
DA:328,1
DA:329,0
DA:331,0
DA:334,0
DA:341,0
DA:342,0
DA:349,0
DA:352,0
DA:358,0
DA:359,0
DA:373,1
DA:374,0
DA:378,0
DA:383,0
DA:392,0
DA:393,0
DA:403,1
LF:77
LH:31
BRDA:113,0,0,0
BRDA:116,1,0,0
BRDA:116,1,1,1
BRDA:126,2,0,0
BRDA:126,2,1,1
BRDA:138,3,0,0
BRDA:138,3,1,1
BRDA:146,4,0,0
BRDA:146,4,1,1
BRDA:163,5,0,0
BRDA:163,5,1,1
BRDA:168,6,0,0
BRDA:168,6,1,0
BRDA:200,7,0,0
BRDA:200,7,1,1
BRDA:261,8,0,0
BRDA:261,8,1,0
BRDA:284,9,0,0
BRDA:284,9,1,0
BRDA:292,10,0,0
BRDA:292,10,1,0
BRDA:341,11,0,0
BRDA:341,11,1,0
BRF:23
BRH:6
end_of_record
TN:
SF:controllers\catalogo.controller.js
FN:36,(anonymous_0)
FN:166,(anonymous_1)
FN:226,(anonymous_2)
FN:242,(anonymous_3)
FN:285,(anonymous_4)
FN:315,(anonymous_5)
FN:360,(anonymous_6)
FNF:7
FNH:6
FNDA:2,(anonymous_0)
FNDA:1,(anonymous_1)
FNDA:1,(anonymous_2)
FNDA:7,(anonymous_3)
FNDA:1,(anonymous_4)
FNDA:4,(anonymous_5)
FNDA:0,(anonymous_6)
DA:12,1
DA:16,1
DA:20,1
DA:36,1
DA:37,2
DA:51,2
DA:55,2
DA:59,2
DA:65,2
DA:66,2
DA:69,2
DA:72,0
DA:79,2
DA:80,0
DA:82,0
DA:84,0
DA:90,2
DA:92,0
DA:93,0
DA:95,0
DA:96,0
DA:98,0
DA:99,0
DA:102,2
DA:103,2
DA:108,2
DA:114,2
DA:136,2
DA:151,0
DA:152,0
DA:166,1
DA:167,1
DA:169,1
DA:173,1
DA:195,1
DA:196,0
DA:203,1
DA:211,0
DA:212,0
DA:226,1
DA:227,1
DA:229,1
DA:232,1
DA:241,1
DA:244,7
DA:254,7
DA:262,1
DA:270,0
DA:271,0
DA:285,1
DA:286,1
DA:288,1
DA:289,1
DA:292,1
DA:296,1
DA:297,0
DA:304,1
DA:314,1
DA:316,4
DA:324,4
DA:332,1
DA:344,0
DA:345,0
DA:360,1
DA:361,0
DA:363,0
DA:364,0
DA:367,0
DA:391,0
DA:399,0
DA:400,0
DA:409,1
LF:72
LH:45
BRDA:48,0,0,2
BRDA:49,1,0,2
BRDA:50,2,0,2
BRDA:65,3,0,0
BRDA:65,3,1,2
BRDA:66,4,0,0
BRDA:66,4,1,2
BRDA:69,5,0,0
BRDA:69,5,1,2
BRDA:79,6,0,0
BRDA:79,6,1,2
BRDA:79,7,0,2
BRDA:79,7,1,2
BRDA:82,8,0,0
BRDA:82,8,1,0
BRDA:84,9,0,0
BRDA:84,9,1,0
BRDA:90,10,0,0
BRDA:90,10,1,0
BRDA:90,10,2,0
BRDA:90,10,3,2
BRDA:90,10,4,2
BRDA:195,11,0,0
BRDA:195,11,1,1
BRDA:296,12,0,0
BRDA:296,12,1,1
BRDA:363,13,0,0
BRF:27
BRH:13
end_of_record
TN:
SF:controllers\categoria.controller.js
FN:30,(anonymous_0)
FN:84,(anonymous_1)
FN:145,(anonymous_2)
FN:197,(anonymous_3)
FN:215,(anonymous_4)
FN:272,(anonymous_5)
FN:292,(anonymous_6)
FN:355,(anonymous_7)
FN:423,(anonymous_8)
FN:468,(anonymous_9)
FNF:10
FNH:5
FNDA:1,(anonymous_0)
FNDA:1,(anonymous_1)
FNDA:3,(anonymous_2)
FNDA:0,(anonymous_3)
FNDA:1,(anonymous_4)
FNDA:0,(anonymous_5)
FNDA:0,(anonymous_6)
FNDA:1,(anonymous_7)
FNDA:0,(anonymous_8)
FNDA:0,(anonymous_9)
DA:12,1
DA:16,1
DA:20,1
DA:30,1
DA:31,1
DA:33,1
DA:37,1
DA:43,1
DA:44,0
DA:48,1
DA:49,0
DA:57,1
DA:60,1
DA:69,0
DA:70,0
DA:84,1
DA:85,1
DA:87,1
DA:91,1
DA:107,1
DA:108,0
DA:115,1
DA:117,1
DA:119,1
DA:122,1
DA:130,0
DA:131,0
DA:145,1
DA:146,3
DA:148,3
DA:151,3
DA:152,0
DA:160,3
DA:165,3
DA:166,0
DA:173,3
DA:180,3
DA:189,0
DA:192,0
DA:193,0
DA:197,0
DA:201,0
DA:215,1
DA:216,1
DA:218,1
DA:219,1
DA:222,1
DA:224,1
DA:225,0
DA:232,1
DA:233,1
DA:237,1
DA:238,0
DA:247,1
DA:248,1
DA:249,1
DA:253,1
DA:256,1
DA:265,0
DA:268,0
DA:269,0
DA:272,0
DA:276,0
DA:292,1
DA:293,0
DA:294,0
DA:297,0
DA:299,0
DA:300,0
DA:307,0
DA:308,0
DA:312,0
DA:315,0
DA:319,0
DA:324,0
DA:338,0
DA:339,0
DA:355,1
DA:356,1
DA:357,1
DA:360,1
DA:362,1
DA:363,0
DA:370,1
DA:375,1
DA:376,0
DA:384,1
DA:389,1
DA:390,0
DA:398,1
DA:401,1
DA:407,0
DA:408,0
DA:423,1
DA:424,0
DA:425,0
DA:428,0
DA:430,0
DA:431,0
DA:438,0
DA:443,0
DA:448,0
DA:453,0
DA:458,0
DA:464,0
DA:465,0
DA:468,0
DA:470,0
DA:471,0
DA:475,0
DA:505,0
DA:506,0
DA:515,1
LF:113
LH:56
BRDA:43,0,0,0
BRDA:43,0,1,1
BRDA:48,1,0,0
BRDA:48,1,1,1
BRDA:107,2,0,0
BRDA:107,2,1,1
BRDA:151,3,0,0
BRDA:151,3,1,3
BRDA:165,4,0,0
BRDA:165,4,1,3
BRDA:175,5,0,3
BRDA:175,5,1,0
BRDA:192,6,0,0
BRDA:192,6,1,0
BRDA:224,7,0,0
BRDA:224,7,1,1
BRDA:232,8,0,1
BRDA:232,8,1,0
BRDA:232,9,0,1
BRDA:232,9,1,1
BRDA:237,10,0,0
BRDA:237,10,1,1
BRDA:247,11,0,1
BRDA:247,11,1,0
BRDA:248,12,0,1
BRDA:248,12,1,0
BRDA:249,13,0,0
BRDA:249,13,1,1
BRDA:268,14,0,0
BRDA:268,14,1,0
BRDA:299,15,0,0
BRDA:299,15,1,0
BRDA:327,16,0,0
BRDA:327,16,1,0
BRDA:362,17,0,0
BRDA:362,17,1,1
BRDA:375,18,0,0
BRDA:375,18,1,1
BRDA:389,19,0,0
BRDA:389,19,1,1
BRDA:430,20,0,0
BRDA:430,20,1,0
BRF:42
BRH:17
end_of_record
TN:
SF:controllers\pedido.controller.js
FN:51,(anonymous_0)
FN:263,(anonymous_1)
FN:326,(anonymous_2)
FN:404,(anonymous_3)
FN:488,(anonymous_4)
FN:555,(anonymous_5)
FN:620,(anonymous_6)
FN:666,(anonymous_7)
FN:690,(anonymous_8)
FNF:9
FNH:3
FNDA:1,(anonymous_0)
FNDA:2,(anonymous_1)
FNDA:0,(anonymous_2)
FNDA:0,(anonymous_3)
FNDA:1,(anonymous_4)
FNDA:0,(anonymous_5)
FNDA:0,(anonymous_6)
FNDA:0,(anonymous_7)
FNDA:0,(anonymous_8)
DA:12,1
DA:16,1
DA:20,1
DA:24,1
DA:28,1
DA:31,1
DA:34,1
DA:51,1
DA:54,1
DA:56,1
DA:58,1
DA:61,1
DA:63,1
DA:76,1
DA:77,0
DA:78,0
DA:85,1
DA:87,1
DA:88,0
DA:89,0
DA:98,1
DA:109,1
DA:110,0
DA:111,0
DA:119,1
DA:120,1
DA:123,1
DA:124,1
DA:127,1
DA:128,0
DA:129,0
DA:133,1
DA:134,0
DA:137,0
DA:141,1
DA:145,1
DA:146,0
DA:147,0
DA:155,1
DA:166,1
DA:168,1
DA:169,1
DA:172,1
DA:180,1
DA:183,1
DA:184,1
DA:189,0
DA:196,0
DA:200,0
DA:220,0
DA:226,0
DA:227,0
DA:228,0
DA:229,0
DA:231,0
DA:232,0
DA:234,0
DA:238,0
DA:242,1
DA:243,0
DA:244,0
DA:263,1
DA:264,2
DA:266,2
DA:269,2
DA:271,2
DA:274,2
DA:278,2
DA:297,2
DA:311,0
DA:312,0
DA:326,1
DA:327,0
DA:328,0
DA:331,0
DA:333,0
DA:334,0
DA:338,0
DA:371,0
DA:372,0
DA:379,0
DA:387,0
DA:388,0
DA:404,1
DA:406,0
DA:407,0
DA:409,0
DA:410,0
DA:414,0
DA:430,0
DA:431,0
DA:432,0
DA:439,0
DA:440,0
DA:441,0
DA:448,0
DA:449,0
DA:450,0
DA:451,0
DA:455,0
DA:456,0
DA:459,0
DA:462,0
DA:471,0
DA:472,0
DA:473,0
DA:488,1
DA:489,1
DA:491,1
DA:494,1
DA:495,1
DA:496,1
DA:498,1
DA:501,1
DA:525,1
DA:539,0
DA:540,0
DA:555,1
DA:556,0
DA:557,0
DA:558,0
DA:561,0
DA:562,0
DA:563,0
DA:571,0
DA:573,0
DA:574,0
DA:581,0
DA:582,0
DA:585,0
DA:596,0
DA:605,0
DA:606,0
DA:620,1
DA:621,0
DA:626,0
DA:629,0
DA:633,0
DA:643,0
DA:646,0
DA:647,0
DA:651,0
DA:658,0
DA:666,0
DA:676,0
DA:677,0
DA:690,1
DA:691,0
DA:692,0
DA:694,0
DA:696,0
DA:697,0
DA:703,0
DA:704,0
DA:711,0
DA:712,0
DA:713,0
DA:715,0
DA:722,0
DA:723,0
DA:732,1
LF:161
LH:58
BRDA:61,0,0,1
BRDA:63,1,0,1
BRDA:63,1,1,0
BRDA:76,2,0,0
BRDA:76,2,1,1
BRDA:76,3,0,1
BRDA:76,3,1,1
BRDA:87,4,0,0
BRDA:87,4,1,1
BRDA:109,5,0,0
BRDA:109,5,1,1
BRDA:127,6,0,0
BRDA:127,6,1,1
BRDA:133,7,0,0
BRDA:133,7,1,1
BRDA:145,8,0,0
BRDA:145,8,1,1
BRDA:226,9,0,0
BRDA:226,9,1,0
BRDA:227,10,0,0
BRDA:227,10,1,0
BRDA:266,11,0,2
BRDA:266,12,0,2
BRDA:271,13,0,0
BRDA:271,13,1,2
BRDA:333,14,0,0
BRDA:333,14,1,0
BRDA:371,15,0,0
BRDA:371,15,1,0
BRDA:430,16,0,0
BRDA:430,16,1,0
BRDA:439,17,0,0
BRDA:439,17,1,0
BRDA:491,18,0,1
BRDA:491,19,0,1
BRDA:495,20,0,0
BRDA:495,20,1,1
BRDA:496,21,0,0
BRDA:496,21,1,1
BRDA:562,22,0,0
BRDA:562,22,1,0
BRDA:573,23,0,0
BRDA:573,23,1,0
BRDA:664,24,0,0
BRDA:664,24,1,0
BRDA:670,25,0,0
BRDA:670,25,1,0
BRDA:696,26,0,0
BRDA:696,26,1,0
BRDA:703,27,0,0
BRDA:703,27,1,0
BRF:51
BRH:17
end_of_record
TN:
SF:controllers\producto.controller.js
FN:25,(anonymous_0)
FN:35,(anonymous_1)
FN:41,(anonymous_2)
FN:76,(anonymous_3)
FN:167,(anonymous_4)
FN:223,(anonymous_5)
FN:340,(anonymous_6)
FN:360,(anonymous_7)
FN:483,(anonymous_8)
FN:501,(anonymous_9)
FN:545,(anonymous_10)
FN:587,(anonymous_11)
FNF:12
FNH:4
FNDA:0,(anonymous_0)
FNDA:0,(anonymous_1)
FNDA:0,(anonymous_2)
FNDA:1,(anonymous_3)
FNDA:1,(anonymous_4)
FNDA:1,(anonymous_5)
FNDA:0,(anonymous_6)
FNDA:1,(anonymous_7)
FNDA:0,(anonymous_8)
FNDA:0,(anonymous_9)
FNDA:0,(anonymous_10)
FNDA:0,(anonymous_11)
DA:12,1
DA:15,1
DA:18,1
DA:22,1
DA:23,1
DA:25,1
DA:26,0
DA:27,0
DA:28,0
DA:30,0
DA:31,0
DA:32,0
DA:35,1
DA:36,0
DA:37,0
DA:38,0
DA:41,1
DA:42,0
DA:44,0
DA:45,0
DA:47,0
DA:48,0
DA:51,0
DA:52,0
DA:54,0
DA:55,0
DA:58,0
DA:59,0
DA:62,0
DA:76,1
DA:77,1
DA:78,1
DA:79,1
DA:80,1
DA:90,1
DA:93,1
DA:94,1
DA:95,1
DA:96,1
DA:98,1
DA:101,1
DA:102,0
DA:105,0
DA:112,1
DA:115,1
DA:135,1
DA:138,1
DA:152,0
DA:153,0
DA:167,1
DA:168,1
DA:169,1
DA:173,1
DA:189,1
DA:190,0
DA:197,1
DA:205,0
DA:206,0
DA:223,1
DA:224,1
DA:227,1
DA:230,1
DA:231,0
DA:238,1
DA:239,1
DA:240,0
DA:245,1
DA:246,0
DA:253,1
DA:254,1
DA:255,0
DA:260,1
DA:261,0
DA:267,1
DA:268,1
DA:275,0
DA:276,0
DA:282,0
DA:283,0
DA:292,0
DA:295,0
DA:298,0
DA:310,0
DA:318,0
DA:327,0
DA:331,0
DA:332,0
DA:336,0
DA:337,0
DA:340,0
DA:344,0
DA:360,1
DA:361,1
DA:362,1
DA:363,1
DA:364,1
DA:365,1
DA:366,1
DA:369,1
DA:371,1
DA:372,0
DA:379,1
DA:380,0
DA:381,0
DA:382,0
DA:391,1
DA:392,0
DA:393,0
DA:394,0
DA:401,0
DA:402,0
DA:403,0
DA:411,1
DA:412,0
DA:417,1
DA:418,0
DA:425,1
DA:427,0
DA:428,0
DA:430,0
DA:431,1
DA:435,0
DA:436,0
DA:440,1
DA:441,1
DA:442,1
DA:443,1
DA:444,1
DA:445,1
DA:446,1
DA:447,0
DA:448,0
DA:450,0
DA:454,1
DA:456,1
DA:463,1
DA:472,0
DA:475,0
DA:476,0
DA:479,0
DA:480,0
DA:483,0
DA:487,0
DA:501,1
DA:502,0
DA:503,0
DA:506,0
DA:508,0
DA:509,0
DA:516,0
DA:517,0
DA:520,0
DA:529,0
DA:530,0
DA:545,1
DA:546,0
DA:547,0
DA:549,0
DA:551,0
DA:552,0
DA:560,0
DA:562,0
DA:568,0
DA:569,0
DA:587,1
DA:588,0
DA:589,0
DA:590,0
DA:593,0
DA:594,0
DA:601,0
DA:602,0
DA:603,0
DA:610,0
DA:612,0
DA:613,0
DA:619,0
DA:623,0
DA:626,0
DA:627,0
DA:628,0
DA:631,0
DA:632,0
DA:638,0
DA:639,0
DA:640,0
DA:643,0
DA:644,0
DA:645,0
DA:646,0
DA:649,0
DA:655,0
DA:656,0
DA:663,0
DA:676,0
DA:677,0
DA:686,1
LF:197
LH:71
BRDA:25,0,0,0
BRDA:26,1,0,0
BRDA:26,1,1,0
BRDA:26,1,2,0
BRDA:26,1,3,0
BRDA:27,2,0,0
BRDA:27,2,1,0
BRDA:27,3,0,0
BRDA:27,3,1,0
BRDA:28,4,0,0
BRDA:28,4,1,0
BRDA:31,5,0,0
BRDA:31,5,1,0
BRDA:31,6,0,0
BRDA:31,6,1,0
BRDA:36,7,0,0
BRDA:36,7,1,0
BRDA:37,8,0,0
BRDA:37,8,1,0
BRDA:37,8,2,0
BRDA:42,9,0,0
BRDA:42,9,1,0
BRDA:42,10,0,0
BRDA:42,10,1,0
BRDA:45,11,0,0
BRDA:45,11,1,0
BRDA:45,12,0,0
BRDA:45,12,1,0
BRDA:47,13,0,0
BRDA:47,13,1,0
BRDA:54,14,0,0
BRDA:54,14,1,0
BRDA:54,15,0,0
BRDA:54,15,1,0
BRDA:58,16,0,0
BRDA:58,16,1,0
BRDA:88,17,0,1
BRDA:89,18,0,1
BRDA:94,19,0,0
BRDA:94,19,1,1
BRDA:95,20,0,0
BRDA:95,20,1,1
BRDA:96,21,0,0
BRDA:96,21,1,1
BRDA:98,22,0,0
BRDA:98,22,1,1
BRDA:101,23,0,0
BRDA:101,23,1,1
BRDA:189,24,0,0
BRDA:189,24,1,1
BRDA:230,25,0,0
BRDA:230,25,1,1
BRDA:230,26,0,1
BRDA:230,26,1,1
BRDA:230,26,2,1
BRDA:230,26,3,1
BRDA:239,27,0,0
BRDA:239,27,1,1
BRDA:245,28,0,0
BRDA:245,28,1,1
BRDA:254,29,0,0
BRDA:254,29,1,1
BRDA:260,30,0,0
BRDA:260,30,1,1
BRDA:267,31,0,1
BRDA:267,31,1,0
BRDA:275,32,0,0
BRDA:275,32,1,0
BRDA:282,33,0,0
BRDA:282,33,1,0
BRDA:292,34,0,0
BRDA:292,34,1,0
BRDA:300,35,0,0
BRDA:300,35,1,0
BRDA:302,36,0,0
BRDA:302,36,1,0
BRDA:331,37,0,0
BRDA:331,37,1,0
BRDA:336,38,0,0
BRDA:336,38,1,0
BRDA:371,39,0,0
BRDA:371,39,1,1
BRDA:379,40,0,0
BRDA:379,40,1,1
BRDA:379,41,0,1
BRDA:379,41,1,0
BRDA:381,42,0,0
BRDA:381,42,1,0
BRDA:381,43,0,0
BRDA:381,43,1,0
BRDA:391,44,0,0
BRDA:391,44,1,1
BRDA:391,45,0,1
BRDA:391,45,1,0
BRDA:393,46,0,0
BRDA:393,46,1,0
BRDA:393,47,0,0
BRDA:393,47,1,0
BRDA:401,48,0,0
BRDA:401,48,1,0
BRDA:402,49,0,0
BRDA:402,49,1,0
BRDA:411,50,0,0
BRDA:411,50,1,1
BRDA:411,51,0,1
BRDA:411,51,1,1
BRDA:417,52,0,0
BRDA:417,52,1,1
BRDA:417,53,0,1
BRDA:417,53,1,0
BRDA:425,54,0,0
BRDA:425,54,1,1
BRDA:427,55,0,0
BRDA:427,55,1,0
BRDA:431,56,0,0
BRDA:431,56,1,1
BRDA:431,57,0,1
BRDA:431,57,1,1
BRDA:431,57,2,1
BRDA:431,57,3,1
BRDA:440,58,0,1
BRDA:440,58,1,0
BRDA:441,59,0,0
BRDA:441,59,1,1
BRDA:442,60,0,1
BRDA:442,60,1,0
BRDA:442,61,0,1
BRDA:442,61,1,1
BRDA:443,62,0,0
BRDA:443,62,1,1
BRDA:443,63,0,1
BRDA:443,63,1,0
BRDA:444,64,0,0
BRDA:444,64,1,1
BRDA:444,65,0,1
BRDA:444,65,1,0
BRDA:445,66,0,0
BRDA:445,66,1,1
BRDA:445,67,0,1
BRDA:445,67,1,0
BRDA:446,68,0,0
BRDA:446,68,1,1
BRDA:447,69,0,0
BRDA:447,69,1,0
BRDA:475,70,0,0
BRDA:475,70,1,0
BRDA:479,71,0,0
BRDA:479,71,1,0
BRDA:508,72,0,0
BRDA:508,72,1,0
BRDA:522,73,0,0
BRDA:522,73,1,0
BRDA:551,74,0,0
BRDA:551,74,1,0
BRDA:593,75,0,0
BRDA:593,75,1,0
BRDA:593,76,0,0
BRDA:593,76,1,0
BRDA:602,77,0,0
BRDA:602,77,1,0
BRDA:602,78,0,0
BRDA:602,78,1,0
BRDA:612,79,0,0
BRDA:612,79,1,0
BRDA:623,80,0,0
BRDA:623,80,1,0
BRDA:623,80,2,0
BRDA:623,80,3,0
BRDA:631,81,0,0
BRDA:631,81,1,0
BRDA:655,82,0,0
BRDA:655,82,1,0
BRDA:666,83,0,0
BRDA:666,83,1,0
BRDA:666,84,0,0
BRDA:666,84,1,0
BRDA:670,85,0,0
BRDA:670,85,1,0
BRF:178
BRH:46
end_of_record
TN:
SF:controllers\proveedor.controller.js
FN:24,(anonymous_0)
FN:93,(anonymous_1)
FN:138,(anonymous_2)
FN:215,(anonymous_3)
FN:297,(anonymous_4)
FN:337,(anonymous_5)
FNF:6
FNH:0
FNDA:0,(anonymous_0)
FNDA:0,(anonymous_1)
FNDA:0,(anonymous_2)
FNDA:0,(anonymous_3)
FNDA:0,(anonymous_4)
FNDA:0,(anonymous_5)
DA:12,1
DA:15,1
DA:24,1
DA:25,0
DA:27,0
DA:30,0
DA:33,0
DA:35,0
DA:39,0
DA:41,0
DA:42,0
DA:49,0
DA:69,0
DA:78,0
DA:79,0
DA:93,1
DA:94,0
DA:95,0
DA:98,0
DA:109,0
DA:110,0
DA:116,0
DA:122,0
DA:123,0
DA:138,1
DA:139,0
DA:140,0
DA:143,0
DA:144,0
DA:151,0
DA:152,0
DA:153,0
DA:154,0
DA:162,0
DA:166,0
DA:167,0
DA:174,0
DA:183,0
DA:190,0
DA:193,0
DA:194,0
DA:200,0
DA:215,1
DA:216,0
DA:217,0
DA:218,0
DA:221,0
DA:223,0
DA:224,0
DA:231,0
DA:232,0
DA:233,0
DA:234,0
DA:235,0
DA:244,0
DA:245,0
DA:249,0
DA:250,0
DA:258,0
DA:259,0
DA:260,0
DA:261,0
DA:262,0
DA:264,0
DA:266,0
DA:273,0
DA:275,0
DA:276,0
DA:282,0
DA:297,1
DA:298,0
DA:299,0
DA:301,0
DA:303,0
DA:304,0
DA:311,0
DA:312,0
DA:314,0
DA:321,0
DA:322,0
DA:337,1
DA:338,0
DA:339,0
DA:341,0
DA:343,0
DA:344,0
DA:351,0
DA:355,0
DA:356,0
DA:362,0
DA:364,0
DA:370,0
DA:371,0
DA:380,1
LF:94
LH:9
BRDA:33,0,0,0
BRDA:33,0,1,0
BRDA:39,1,0,0
BRDA:39,1,1,0
BRDA:109,2,0,0
BRDA:109,2,1,0
BRDA:143,3,0,0
BRDA:143,3,1,0
BRDA:143,4,0,0
BRDA:143,4,1,0
BRDA:151,5,0,0
BRDA:151,5,1,0
BRDA:153,6,0,0
BRDA:153,6,1,0
BRDA:166,7,0,0
BRDA:166,7,1,0
BRDA:176,8,0,0
BRDA:176,8,1,0
BRDA:177,9,0,0
BRDA:177,9,1,0
BRDA:178,10,0,0
BRDA:178,10,1,0
BRDA:179,11,0,0
BRDA:179,11,1,0
BRDA:193,12,0,0
BRDA:193,12,1,0
BRDA:223,13,0,0
BRDA:223,13,1,0
BRDA:231,14,0,0
BRDA:231,14,1,0
BRDA:232,15,0,0
BRDA:232,15,1,0
BRDA:232,16,0,0
BRDA:232,16,1,0
BRDA:234,17,0,0
BRDA:234,17,1,0
BRDA:244,18,0,0
BRDA:244,18,1,0
BRDA:244,19,0,0
BRDA:244,19,1,0
BRDA:249,20,0,0
BRDA:249,20,1,0
BRDA:249,21,0,0
BRDA:249,21,1,0
BRDA:258,22,0,0
BRDA:258,22,1,0
BRDA:259,23,0,0
BRDA:259,23,1,0
BRDA:259,24,0,0
BRDA:259,24,1,0
BRDA:260,25,0,0
BRDA:260,25,1,0
BRDA:260,26,0,0
BRDA:260,26,1,0
BRDA:261,27,0,0
BRDA:261,27,1,0
BRDA:261,28,0,0
BRDA:261,28,1,0
BRDA:262,29,0,0
BRDA:262,29,1,0
BRDA:262,30,0,0
BRDA:262,30,1,0
BRDA:275,31,0,0
BRDA:275,31,1,0
BRDA:303,32,0,0
BRDA:303,32,1,0
BRDA:316,33,0,0
BRDA:316,33,1,0
BRDA:343,34,0,0
BRDA:343,34,1,0
BRDA:355,35,0,0
BRDA:355,35,1,0
BRF:72
BRH:0
end_of_record
TN:
SF:controllers\subcategoria.controller.js
FN:30,(anonymous_0)
FN:88,(anonymous_1)
FN:146,(anonymous_2)
FN:224,(anonymous_3)
FN:242,(anonymous_4)
FN:330,(anonymous_5)
FN:350,(anonymous_6)
FN:401,(anonymous_7)
FN:452,(anonymous_8)
FN:493,(anonymous_9)
FNF:10
FNH:3
FNDA:1,(anonymous_0)
FNDA:0,(anonymous_1)
FNDA:2,(anonymous_2)
FNDA:0,(anonymous_3)
FNDA:0,(anonymous_4)
FNDA:0,(anonymous_5)
FNDA:0,(anonymous_6)
FNDA:1,(anonymous_7)
FNDA:0,(anonymous_8)
FNDA:0,(anonymous_9)
DA:11,1
DA:15,1
DA:19,1
DA:30,1
DA:31,1
DA:33,1
DA:36,1
DA:41,1
DA:42,1
DA:43,1
DA:47,1
DA:48,0
DA:52,1
DA:53,0
DA:61,1
DA:64,1
DA:73,0
DA:74,0
DA:88,1
DA:89,0
DA:90,0
DA:94,0
DA:109,0
DA:110,0
DA:117,0
DA:118,0
DA:120,0
DA:123,0
DA:131,0
DA:132,0
DA:146,1
DA:147,2
DA:149,2
DA:152,2
DA:153,0
DA:160,2
DA:162,2
DA:163,0
DA:170,2
DA:171,0
DA:179,2
DA:183,2
DA:184,0
DA:191,2
DA:199,2
DA:208,2
DA:217,0
DA:220,0
DA:221,0
DA:224,0
DA:228,0
DA:242,1
DA:243,0
DA:244,0
DA:245,0
DA:248,0
DA:250,0
DA:251,0
DA:258,0
DA:259,0
DA:261,0
DA:262,0
DA:268,0
DA:269,0
DA:278,0
DA:279,0
DA:281,0
DA:288,0
DA:289,0
DA:297,0
DA:298,0
DA:299,0
DA:300,0
DA:303,0
DA:306,0
DA:315,0
DA:324,0
DA:326,0
DA:327,0
DA:330,0
DA:334,0
DA:350,1
DA:351,0
DA:352,0
DA:354,0
DA:356,0
DA:357,0
DA:364,0
DA:365,0
DA:368,0
DA:371,0
DA:376,0
DA:386,0
DA:387,0
DA:401,1
DA:402,1
DA:403,1
DA:405,1
DA:407,1
DA:408,0
DA:415,1
DA:420,1
DA:421,0
DA:429,1
DA:431,1
DA:437,0
DA:438,0
DA:452,1
DA:453,0
DA:454,0
DA:457,0
DA:465,0
DA:466,0
DA:473,0
DA:478,0
DA:483,0
DA:489,0
DA:490,0
DA:493,0
DA:494,0
DA:495,0
DA:499,0
DA:524,0
DA:525,0
DA:534,1
LF:125
LH:40
BRDA:42,0,0,0
BRDA:42,0,1,1
BRDA:43,1,0,0
BRDA:43,1,1,1
BRDA:47,2,0,0
BRDA:47,2,1,1
BRDA:52,3,0,0
BRDA:52,3,1,1
BRDA:109,4,0,0
BRDA:109,4,1,0
BRDA:152,5,0,0
BRDA:152,5,1,2
BRDA:152,6,0,2
BRDA:152,6,1,2
BRDA:162,7,0,0
BRDA:162,7,1,2
BRDA:170,8,0,0
BRDA:170,8,1,2
BRDA:183,9,0,0
BRDA:183,9,1,2
BRDA:193,10,0,2
BRDA:193,10,1,0
BRDA:220,11,0,0
BRDA:220,11,1,0
BRDA:250,12,0,0
BRDA:250,12,1,0
BRDA:258,13,0,0
BRDA:258,13,1,0
BRDA:258,14,0,0
BRDA:258,14,1,0
BRDA:261,15,0,0
BRDA:261,15,1,0
BRDA:268,16,0,0
BRDA:268,16,1,0
BRDA:278,17,0,0
BRDA:278,17,1,0
BRDA:278,18,0,0
BRDA:278,18,1,0
BRDA:279,19,0,0
BRDA:279,19,1,0
BRDA:288,20,0,0
BRDA:288,20,1,0
BRDA:297,21,0,0
BRDA:297,21,1,0
BRDA:298,22,0,0
BRDA:298,22,1,0
BRDA:299,23,0,0
BRDA:299,23,1,0
BRDA:300,24,0,0
BRDA:300,24,1,0
BRDA:326,25,0,0
BRDA:326,25,1,0
BRDA:356,26,0,0
BRDA:356,26,1,0
BRDA:378,27,0,0
BRDA:378,27,1,0
BRDA:407,28,0,0
BRDA:407,28,1,1
BRDA:420,29,0,0
BRDA:420,29,1,1
BRDA:465,30,0,0
BRDA:465,30,1,0
BRF:62
BRH:13
end_of_record
TN:
SF:controllers\usuario.controller.js
FN:24,(anonymous_0)
FN:88,(anonymous_1)
FN:128,(anonymous_2)
FN:190,(anonymous_3)
FN:209,(anonymous_4)
FN:269,(anonymous_5)
FN:319,(anonymous_6)
FN:364,(anonymous_7)
FNF:8
FNH:2
FNDA:1,(anonymous_0)
FNDA:1,(anonymous_1)
FNDA:0,(anonymous_2)
FNDA:0,(anonymous_3)
FNDA:0,(anonymous_4)
FNDA:0,(anonymous_5)
FNDA:0,(anonymous_6)
FNDA:0,(anonymous_7)
DA:12,1
DA:24,1
DA:25,1
DA:27,1
DA:30,1
DA:31,1
DA:32,1
DA:35,1
DA:36,0
DA:39,0
DA:47,1
DA:51,1
DA:60,1
DA:74,0
DA:75,0
DA:88,1
DA:89,1
DA:90,1
DA:93,1
DA:97,1
DA:98,0
DA:104,1
DA:112,0
DA:113,0
DA:128,1
DA:129,0
DA:131,0
DA:134,0
DA:135,0
DA:142,0
DA:143,0
DA:150,0
DA:151,0
DA:152,0
DA:160,0
DA:174,0
DA:183,0
DA:186,0
DA:187,0
DA:190,0
DA:194,0
DA:209,1
DA:210,0
DA:211,0
DA:212,0
DA:215,0
DA:217,0
DA:218,0
DA:225,0
DA:226,0
DA:233,0
DA:234,0
DA:235,0
DA:236,0
DA:237,0
DA:238,0
DA:241,0
DA:244,0
DA:253,0
DA:254,0
DA:269,1
DA:270,0
DA:271,0
DA:273,0
DA:275,0
DA:276,0
DA:284,0
DA:285,0
DA:292,0
DA:293,0
DA:295,0
DA:304,0
DA:305,0
DA:319,1
DA:320,0
DA:321,0
DA:323,0
DA:325,0
DA:326,0
DA:333,0
DA:334,0
DA:341,0
DA:343,0
DA:349,0
DA:350,0
DA:364,1
DA:365,0
DA:367,0
DA:369,0
DA:371,0
DA:373,0
DA:375,0
DA:378,0
DA:394,0
DA:395,0
DA:404,1
LF:96
LH:23
BRDA:27,0,0,1
BRDA:27,1,0,1
BRDA:31,2,0,0
BRDA:31,2,1,1
BRDA:32,3,0,0
BRDA:32,3,1,1
BRDA:35,4,0,0
BRDA:35,4,1,1
BRDA:97,5,0,0
BRDA:97,5,1,1
BRDA:134,6,0,0
BRDA:134,6,1,0
BRDA:134,7,0,0
BRDA:134,7,1,0
BRDA:134,7,2,0
BRDA:134,7,3,0
BRDA:134,7,4,0
BRDA:134,7,5,0
BRDA:142,8,0,0
BRDA:142,8,1,0
BRDA:151,9,0,0
BRDA:151,9,1,0
BRDA:167,10,0,0
BRDA:167,10,1,0
BRDA:168,11,0,0
BRDA:168,11,1,0
BRDA:186,12,0,0
BRDA:186,12,1,0
BRDA:217,13,0,0
BRDA:217,13,1,0
BRDA:225,14,0,0
BRDA:225,14,1,0
BRDA:225,15,0,0
BRDA:225,15,1,0
BRDA:233,16,0,0
BRDA:233,16,1,0
BRDA:234,17,0,0
BRDA:234,17,1,0
BRDA:235,18,0,0
BRDA:235,18,1,0
BRDA:236,19,0,0
BRDA:236,19,1,0
BRDA:237,20,0,0
BRDA:237,20,1,0
BRDA:238,21,0,0
BRDA:238,21,1,0
BRDA:275,22,0,0
BRDA:275,22,1,0
BRDA:284,23,0,0
BRDA:284,23,1,0
BRDA:297,24,0,0
BRDA:297,24,1,0
BRDA:325,25,0,0
BRDA:325,25,1,0
BRDA:333,26,0,0
BRDA:333,26,1,0
BRF:56
BRH:6
end_of_record
TN:
SF:middleware\auth.js
FN:36,(anonymous_0)
FN:134,(anonymous_1)
FNF:2
FNH:1
FNDA:33,(anonymous_0)
FNDA:0,(anonymous_1)
DA:14,1
DA:18,1
DA:36,1
DA:37,33
DA:40,33
DA:43,33
DA:44,1
DA:52,32
DA:55,32
DA:56,0
DA:67,32
DA:68,32
DA:70,0
DA:79,32
DA:84,32
DA:85,0
DA:93,32
DA:94,0
DA:103,32
DA:107,32
DA:111,0
DA:112,0
DA:134,1
DA:135,0
DA:137,0
DA:140,0
DA:141,0
DA:142,0
DA:146,0
DA:149,0
DA:150,0
DA:151,0
DA:154,0
DA:156,0
DA:159,0
DA:164,0
DA:165,0
DA:167,0
DA:171,0
DA:175,0
DA:179,0
DA:180,0
DA:181,0
DA:188,1
LF:44
LH:18
BRDA:43,0,0,1
BRDA:43,0,1,32
BRDA:55,1,0,0
BRDA:55,1,1,32
BRDA:84,2,0,0
BRDA:84,2,1,32
BRDA:93,3,0,0
BRDA:93,3,1,32
BRDA:140,4,0,0
BRDA:140,4,1,0
BRDA:149,5,0,0
BRDA:149,5,1,0
BRDA:164,6,0,0
BRDA:164,6,1,0
BRDA:164,7,0,0
BRDA:164,7,1,0
BRF:16
BRH:5
end_of_record
TN:
SF:middleware\checkRole.js
FN:27,(anonymous_0)
FN:69,(anonymous_1)
FN:114,(anonymous_2)
FN:117,(anonymous_3)
FN:160,(anonymous_4)
FN:210,(anonymous_5)
FN:250,(anonymous_6)
FNF:7
FNH:2
FNDA:0,(anonymous_0)
FNDA:0,(anonymous_1)
FNDA:0,(anonymous_2)
FNDA:0,(anonymous_3)
FNDA:0,(anonymous_4)
FNDA:26,(anonymous_5)
FNDA:8,(anonymous_6)
DA:27,1
DA:28,0
DA:31,0
DA:32,0
DA:40,0
DA:41,0
DA:48,0
DA:51,0
DA:52,0
DA:69,1
DA:70,0
DA:72,0
DA:73,0
DA:80,0
DA:81,0
DA:88,0
DA:91,0
DA:92,0
DA:114,1
DA:117,0
DA:118,0
DA:120,0
DA:121,0
DA:129,0
DA:130,0
DA:138,0
DA:141,0
DA:142,0
DA:160,1
DA:161,0
DA:163,0
DA:164,0
DA:171,0
DA:172,0
DA:177,0
DA:181,0
DA:182,0
DA:189,0
DA:192,0
DA:193,0
DA:210,1
DA:211,26
DA:213,26
DA:214,0
DA:221,26
DA:222,2
DA:229,24
DA:231,0
DA:232,0
DA:250,1
DA:251,8
DA:253,8
DA:254,0
DA:261,8
DA:262,6
DA:269,2
DA:271,0
DA:272,0
DA:281,1
LF:59
LH:17
BRDA:31,0,0,0
BRDA:31,0,1,0
BRDA:40,1,0,0
BRDA:40,1,1,0
BRDA:72,2,0,0
BRDA:72,2,1,0
BRDA:80,3,0,0
BRDA:80,3,1,0
BRDA:120,4,0,0
BRDA:120,4,1,0
BRDA:129,5,0,0
BRDA:129,5,1,0
BRDA:163,6,0,0
BRDA:163,6,1,0
BRDA:171,7,0,0
BRDA:171,7,1,0
BRDA:177,8,0,0
BRDA:177,8,1,0
BRDA:181,9,0,0
BRDA:181,9,1,0
BRDA:213,10,0,0
BRDA:213,10,1,26
BRDA:221,11,0,2
BRDA:221,11,1,24
BRDA:253,12,0,0
BRDA:253,12,1,8
BRDA:261,13,0,6
BRDA:261,13,1,2
BRF:28
BRH:6
end_of_record
TN:
SF:routes\admin.routes.js
FNF:0
FNH:0
DA:22,1
DA:27,1
DA:36,1
DA:42,1
DA:47,1
DA:57,1
DA:61,1
DA:65,1
DA:69,1
DA:73,1
DA:82,1
DA:91,1
DA:96,1
DA:101,1
DA:106,1
DA:111,1
DA:117,1
DA:123,1
DA:132,1
DA:136,1
DA:140,1
DA:145,1
DA:150,1
DA:155,1
DA:160,1
DA:169,1
DA:173,1
DA:181,1
DA:186,1
DA:190,1
DA:195,1
DA:200,1
DA:210,1
DA:215,1
DA:219,1
DA:225,1
DA:231,1
DA:236,1
DA:241,1
DA:248,1
DA:256,1
DA:261,1
DA:265,1
DA:270,1
DA:272,1
DA:274,1
DA:275,1
DA:276,1
DA:277,1
DA:278,1
DA:279,1
DA:287,1
LF:52
LH:52
BRF:0
BRH:0
end_of_record
TN:
SF:routes\auth.routes.js
FNF:0
FNH:0
DA:26,1
DA:29,1
DA:34,1
DA:47,1
DA:56,1
DA:79,1
DA:99,1
DA:115,1
DA:129,1
DA:144,1
DA:152,1
LF:11
LH:11
BRF:0
BRH:0
end_of_record
TN:
SF:routes\cliente.routes.js
FNF:0
FNH:0
DA:24,1
DA:29,1
DA:39,1
DA:44,1
DA:53,1
DA:58,1
DA:63,1
DA:75,1
DA:81,1
DA:86,1
DA:92,1
DA:97,1
DA:109,1
DA:116,1
DA:123,1
DA:129,1
DA:135,1
DA:153,1
DA:159,1
DA:166,1
DA:174,1
DA:182,1
LF:22
LH:22
BRF:0
BRH:0
end_of_record
